Using pre-set license
Built from '2020.3/staging' branch; Version is '2020.3.14f1 (d0d1bb862f9d) revision 13685179'; Using compiler version '192528614'; Build Type 'Release'
OS: 'Windows 10 Home Single Language; OS build 19043.1110; Version 2009; 64bit' Language: 'en' Physical Memory: 8023 MB
BatchMode: 1, IsHumanControllingUs: 0, StartBugReporterOnCrash: 0, Is64bit: 1, IsPro: 0

 COMMAND LINE ARGUMENTS:
D:\unity\New folder\2020.3.14f1\Editor\Unity.exe
-adb2
-batchMode
-noUpm
-name
AssetImportWorker1
-projectPath
C:/Users/sahil/OneDrive/Desktop/The-Lost-Prince_Sahil
-logFile
Logs/AssetImportWorker1.log
-srvPort
61209
Successfully changed project path to: C:/Users/sahil/OneDrive/Desktop/The-Lost-Prince_Sahil
C:/Users/sahil/OneDrive/Desktop/The-Lost-Prince_Sahil
Using Asset Import Pipeline V2.
Refreshing native plugins compatible for Editor in 48.24 ms, found 2 plugins.
Preloading 0 native plugins for Editor in 0.00 ms.
Initialize engine version: 2020.3.14f1 (d0d1bb862f9d)
[Subsystems] Discovering subsystems at path D:/unity/New folder/2020.3.14f1/Editor/Data/Resources/UnitySubsystems
[Subsystems] Discovering subsystems at path C:/Users/sahil/OneDrive/Desktop/The-Lost-Prince_Sahil/Assets
GfxDevice: creating device client; threaded=0
Direct3D:
    Version:  Direct3D 11.0 [level 11.1]
    Renderer: NVIDIA GeForce GTX 1650 Ti (ID=0x1f95)
    Vendor:   
    VRAM:     3962 MB
    Driver:   27.21.14.5167
Initialize mono
Mono path[0] = 'D:/unity/New folder/2020.3.14f1/Editor/Data/Managed'
Mono path[1] = 'D:/unity/New folder/2020.3.14f1/Editor/Data/MonoBleedingEdge/lib/mono/unityjit'
Mono config path = 'D:/unity/New folder/2020.3.14f1/Editor/Data/MonoBleedingEdge/etc'
Using monoOptions --debugger-agent=transport=dt_socket,embedding=1,server=y,suspend=n,address=127.0.0.1:56044
Begin MonoManager ReloadAssembly
Registering precompiled unity dll's ...
Register platform support module: D:/unity/New folder/2020.3.14f1/Editor/Data/PlaybackEngines/WindowsStandaloneSupport/UnityEditor.WindowsStandalone.Extensions.dll
Registered in 0.043696 seconds.
Native extension for WindowsStandalone target not found
Refreshing native plugins compatible for Editor in 30.89 ms, found 2 plugins.
Preloading 0 native plugins for Editor in 0.00 ms.
Mono: successfully reloaded assembly
- Completed reload, in  8.037 seconds
Domain Reload Profiling:
	ReloadAssembly (8038ms)
		BeginReloadAssembly (106ms)
			ExecutionOrderSort (0ms)
			DisableScriptedObjects (0ms)
			BackupInstance (0ms)
			ReleaseScriptingObjects (0ms)
			CreateAndSetChildDomain (1ms)
		EndReloadAssembly (978ms)
			LoadAssemblies (106ms)
			RebuildTransferFunctionScriptingTraits (0ms)
			SetupTypeCache (280ms)
			ReleaseScriptCaches (0ms)
			RebuildScriptCaches (91ms)
			SetupLoadedEditorAssemblies (427ms)
				LogAssemblyErrors (0ms)
				InitializePlatformSupportModulesInManaged (4ms)
				SetLoadedEditorAssemblies (0ms)
				RefreshPlugins (31ms)
				BeforeProcessingInitializeOnLoad (11ms)
				ProcessInitializeOnLoadAttributes (290ms)
				ProcessInitializeOnLoadMethodAttributes (91ms)
				AfterProcessingInitializeOnLoad (0ms)
				EditorAssembliesLoaded (0ms)
			ExecutionOrderSort2 (0ms)
			AwakeInstancesAfterBackupRestoration (0ms)
Platform modules already initialized, skipping
Registering precompiled user dll's ...
Registered in 0.013033 seconds.
Begin MonoManager ReloadAssembly
Native extension for WindowsStandalone target not found
Refreshing native plugins compatible for Editor in 0.62 ms, found 2 plugins.
Preloading 0 native plugins for Editor in 0.00 ms.
Mono: successfully reloaded assembly
- Completed reload, in  2.036 seconds
Domain Reload Profiling:
	ReloadAssembly (2047ms)
		BeginReloadAssembly (265ms)
			ExecutionOrderSort (0ms)
			DisableScriptedObjects (4ms)
			BackupInstance (0ms)
			ReleaseScriptingObjects (0ms)
			CreateAndSetChildDomain (27ms)
		EndReloadAssembly (1589ms)
			LoadAssemblies (224ms)
			RebuildTransferFunctionScriptingTraits (0ms)
			SetupTypeCache (642ms)
			ReleaseScriptCaches (7ms)
			RebuildScriptCaches (70ms)
			SetupLoadedEditorAssemblies (492ms)
				LogAssemblyErrors (0ms)
				InitializePlatformSupportModulesInManaged (5ms)
				SetLoadedEditorAssemblies (0ms)
				RefreshPlugins (1ms)
				BeforeProcessingInitializeOnLoad (111ms)
				ProcessInitializeOnLoadAttributes (368ms)
				ProcessInitializeOnLoadMethodAttributes (5ms)
				AfterProcessingInitializeOnLoad (3ms)
				EditorAssembliesLoaded (0ms)
			ExecutionOrderSort2 (0ms)
			AwakeInstancesAfterBackupRestoration (16ms)
Platform modules already initialized, skipping
========================================================================
Worker process is ready to serve import requests
Launched and connected shader compiler UnityShaderCompiler.exe after 0.84 seconds
Refreshing native plugins compatible for Editor in 1.21 ms, found 2 plugins.
Preloading 0 native plugins for Editor in 0.00 ms.
Unloading 1574 Unused Serialized files (Serialized files now loaded: 0)
System memory in use before: 74.4 MB.
System memory in use after: 74.5 MB.

Unloading 20 unused Assets to reduce memory usage. Loaded Objects now: 2014.
Total: 4.264900 ms (FindLiveObjects: 0.385500 ms CreateObjectMapping: 0.142100 ms MarkObjects: 3.595800 ms  DeleteObjects: 0.139000 ms)

AssetImportParameters requested are different than current active one (requested -> active):
  custom:framework-win-MediaFoundation: 216162199b28c13a410421893ffa2e32 -> 
  custom:video-decoder-ogg-theora: a1e56fd34408186e4bbccfd4996cb3dc -> 
  custom:container-muxer-webm: aa71ff27fc2769a1b78a27578f13a17b -> 
  custom:container-demuxer-webm: 4f35f7cbe854078d1ac9338744f61a02 -> 
  custom:container-demuxer-ogg: 62fdf1f143b41e24485cea50d1cbac27 -> 
  custom:video-encoder-webm-vp8: eb34c28f22e8b96e1ab97ce403110664 -> 
  custom:video-codec-MediaFoundation-h265: 746d11721c4dcdbdad8f713fa42b33f4 -> 
  custom:video-decoder-webm-vp8: 9c59270c3fd7afecdb556c50c9e8de78 -> 
  custom:audio-decoder-ogg-vorbis: bf7c407c2cedff20999df2af8eb42d56 -> 
  custom:audio-encoder-webm-vorbis: bf7c407c2cedff20999df2af8eb42d56 -> 
========================================================================
Received Import Request.
  path: Assets/Scripts/Regenerate.cs
  artifactKey: Guid(2f987b4abebfa2d4287560358f983fdc) Importer(815301076,1909f56bfc062723c751e8b465ee728b)
Start importing Assets/Scripts/Regenerate.cs using Guid(2f987b4abebfa2d4287560358f983fdc) Importer(815301076,1909f56bfc062723c751e8b465ee728b)  -> (artifact id: '787b782c90f3904d9d57b037576e9f2a') in 0.125178 seconds 
  Import took 0.157671 seconds .

========================================================================
Received Import Request.
  Time since last request: 0.000278 seconds.
  path: Assets/Scripts/Attack Scripts/GoblinAttack.cs
  artifactKey: Guid(6b1d3aa1785b29942b6205e574dc1069) Importer(815301076,1909f56bfc062723c751e8b465ee728b)
Start importing Assets/Scripts/Attack Scripts/GoblinAttack.cs using Guid(6b1d3aa1785b29942b6205e574dc1069) Importer(815301076,1909f56bfc062723c751e8b465ee728b)  -> (artifact id: 'ba206e85b7e4c7502a550faee12e8746') in 0.178800 seconds 
  Import took 0.196928 seconds .

========================================================================
Received Import Request.
  Time since last request: 0.019879 seconds.
  path: Assets/Scripts/Controllers/Enemies/HobgoblinController.cs
  artifactKey: Guid(6466fded446d1f840bf92e0ed8ec4cc8) Importer(815301076,1909f56bfc062723c751e8b465ee728b)
Start importing Assets/Scripts/Controllers/Enemies/HobgoblinController.cs using Guid(6466fded446d1f840bf92e0ed8ec4cc8) Importer(815301076,1909f56bfc062723c751e8b465ee728b)  -> (artifact id: 'cf8712e6967bbef26c5c1d3d2ce931c4') in 0.066199 seconds 
  Import took 0.081189 seconds .

========================================================================
Received Import Request.
  Time since last request: 0.005443 seconds.
  path: Assets/Scripts/Controllers/Enemies/TrollController.cs
  artifactKey: Guid(d951963bc3a1fda438e0361052fc6a1b) Importer(815301076,1909f56bfc062723c751e8b465ee728b)
Start importing Assets/Scripts/Controllers/Enemies/TrollController.cs using Guid(d951963bc3a1fda438e0361052fc6a1b) Importer(815301076,1909f56bfc062723c751e8b465ee728b)  -> (artifact id: '648ee1fa74a7f9e758719eae0babc297') in 0.013720 seconds 
  Import took 0.054489 seconds .

========================================================================
Received Import Request.
  Time since last request: 0.000470 seconds.
  path: Assets/Scripts/Controllers/Enemies/GoblinController.cs
  artifactKey: Guid(bf97f3f5da18cc14189e3f1394e485e4) Importer(815301076,1909f56bfc062723c751e8b465ee728b)
Start importing Assets/Scripts/Controllers/Enemies/GoblinController.cs using Guid(bf97f3f5da18cc14189e3f1394e485e4) Importer(815301076,1909f56bfc062723c751e8b465ee728b)  -> (artifact id: '0ea3c2c2a7f4d7d3a2d1d3a74c25a567') in 0.019373 seconds 
  Import took 0.030956 seconds .

========================================================================
Received Import Request.
  Time since last request: 0.000310 seconds.
  path: Assets/Scripts/GameEndingWin.cs
  artifactKey: Guid(fe13c858050f95d45b0ac0f171a68dab) Importer(815301076,1909f56bfc062723c751e8b465ee728b)
Start importing Assets/Scripts/GameEndingWin.cs using Guid(fe13c858050f95d45b0ac0f171a68dab) Importer(815301076,1909f56bfc062723c751e8b465ee728b)  -> (artifact id: 'ae5e86975e513c29e2b2a0b687befa04') in 0.004996 seconds 
  Import took 0.008984 seconds .

========================================================================
Received Import Request.
  Time since last request: 0.000299 seconds.
  path: Assets/Scripts/Attack Scripts/TrollAttack.cs
  artifactKey: Guid(57f6a774faf26fc4a8693b57a043b29e) Importer(815301076,1909f56bfc062723c751e8b465ee728b)
Start importing Assets/Scripts/Attack Scripts/TrollAttack.cs using Guid(57f6a774faf26fc4a8693b57a043b29e) Importer(815301076,1909f56bfc062723c751e8b465ee728b)  -> (artifact id: 'f5645f398bdb5b43b0c7aa2ab965107d') in 0.003110 seconds 
  Import took 0.006203 seconds .

========================================================================
Received Import Request.
  Time since last request: 266.994713 seconds.
  path: Assets/NavMeshComponents/Editor
  artifactKey: Guid(850e808bcaf82ff47b2c0ea5f611c248) Importer(815301076,1909f56bfc062723c751e8b465ee728b)
Start importing Assets/NavMeshComponents/Editor using Guid(850e808bcaf82ff47b2c0ea5f611c248) Importer(815301076,1909f56bfc062723c751e8b465ee728b)  -> (artifact id: '33b621d2968a046b9d41860f0e83fb2d') in 0.014759 seconds 
  Import took 0.022257 seconds .

========================================================================
Received Import Request.
  Time since last request: 5.004039 seconds.
  path: Assets/NavMeshComponents/Editor/NavMeshModifierVolumeEditor.cs
  artifactKey: Guid(6ce39e93768aa7e4199db30718f1c264) Importer(815301076,1909f56bfc062723c751e8b465ee728b)
Start importing Assets/NavMeshComponents/Editor/NavMeshModifierVolumeEditor.cs using Guid(6ce39e93768aa7e4199db30718f1c264) Importer(815301076,1909f56bfc062723c751e8b465ee728b)  -> (artifact id: 'c34d8ea9ac6e71ca1d61242c45fe7b57') in 0.003343 seconds 
  Import took 0.007091 seconds .

========================================================================
Received Import Request.
  Time since last request: 0.041758 seconds.
  path: Assets/NavMeshComponents/Editor/NavMeshModifierVolumeEditor.cs
  artifactKey: Guid(6ce39e93768aa7e4199db30718f1c264) Importer(815301076,1909f56bfc062723c751e8b465ee728b)
Start importing Assets/NavMeshComponents/Editor/NavMeshModifierVolumeEditor.cs using Guid(6ce39e93768aa7e4199db30718f1c264) Importer(815301076,1909f56bfc062723c751e8b465ee728b)  -> (artifact id: 'c34d8ea9ac6e71ca1d61242c45fe7b57') in 0.003149 seconds 
  Import took 0.006144 seconds .

========================================================================
Received Import Request.
  Time since last request: 28.794114 seconds.
  path: Assets/NavMeshComponents/Editor/NavMeshModifierVolumeEditor.cs
  artifactKey: Guid(6ce39e93768aa7e4199db30718f1c264) Importer(815301076,1909f56bfc062723c751e8b465ee728b)
Start importing Assets/NavMeshComponents/Editor/NavMeshModifierVolumeEditor.cs using Guid(6ce39e93768aa7e4199db30718f1c264) Importer(815301076,1909f56bfc062723c751e8b465ee728b)  -> (artifact id: '893b138221bd0a4b01d7817c1ec5d3c2') in 0.003862 seconds 
  Import took 0.006754 seconds .

========================================================================
Received Import Request.
  Time since last request: 19.035519 seconds.
  path: Assets/NavMeshComponents/Editor/NavMeshSurfaceEditor.cs
  artifactKey: Guid(b109366e8e12f3f448cc2f2576df102a) Importer(815301076,1909f56bfc062723c751e8b465ee728b)
Start importing Assets/NavMeshComponents/Editor/NavMeshSurfaceEditor.cs using Guid(b109366e8e12f3f448cc2f2576df102a) Importer(815301076,1909f56bfc062723c751e8b465ee728b)  -> (artifact id: 'c07070c596f47d9f1b2d50b169028b80') in 0.004043 seconds 
  Import took 0.007461 seconds .

========================================================================
Received Import Request.
  Time since last request: 0.000476 seconds.
  path: Assets/NavMeshComponents/Editor/NavMeshSurfaceEditor.cs
  artifactKey: Guid(b109366e8e12f3f448cc2f2576df102a) Importer(815301076,1909f56bfc062723c751e8b465ee728b)
Start importing Assets/NavMeshComponents/Editor/NavMeshSurfaceEditor.cs using Guid(b109366e8e12f3f448cc2f2576df102a) Importer(815301076,1909f56bfc062723c751e8b465ee728b)  -> (artifact id: 'c07070c596f47d9f1b2d50b169028b80') in 0.013181 seconds 
  Import took 0.023036 seconds .

========================================================================
Received Import Request.
  Time since last request: 11.447347 seconds.
  path: Assets/NavMeshComponents/Editor/NavMeshSurfaceEditor.cs
  artifactKey: Guid(b109366e8e12f3f448cc2f2576df102a) Importer(815301076,1909f56bfc062723c751e8b465ee728b)
Start importing Assets/NavMeshComponents/Editor/NavMeshSurfaceEditor.cs using Guid(b109366e8e12f3f448cc2f2576df102a) Importer(815301076,1909f56bfc062723c751e8b465ee728b)  -> (artifact id: '3ca7dcd93f6a76d012eb732c6308ec35') in 0.003857 seconds 
  Import took 0.010731 seconds .

========================================================================
Received Prepare
Registering precompiled user dll's ...
Registered in 0.009353 seconds.
Begin MonoManager ReloadAssembly
Native extension for WindowsStandalone target not found
Refreshing native plugins compatible for Editor in 0.41 ms, found 2 plugins.
Preloading 0 native plugins for Editor in 0.00 ms.
Mono: successfully reloaded assembly
- Completed reload, in  1.280 seconds
Domain Reload Profiling:
	ReloadAssembly (1281ms)
		BeginReloadAssembly (230ms)
			ExecutionOrderSort (0ms)
			DisableScriptedObjects (5ms)
			BackupInstance (0ms)
			ReleaseScriptingObjects (0ms)
			CreateAndSetChildDomain (71ms)
		EndReloadAssembly (981ms)
			LoadAssemblies (170ms)
			RebuildTransferFunctionScriptingTraits (0ms)
			SetupTypeCache (353ms)
			ReleaseScriptCaches (2ms)
			RebuildScriptCaches (44ms)
			SetupLoadedEditorAssemblies (361ms)
				LogAssemblyErrors (0ms)
				InitializePlatformSupportModulesInManaged (4ms)
				SetLoadedEditorAssemblies (0ms)
				RefreshPlugins (0ms)
				BeforeProcessingInitializeOnLoad (111ms)
				ProcessInitializeOnLoadAttributes (238ms)
				ProcessInitializeOnLoadMethodAttributes (5ms)
				AfterProcessingInitializeOnLoad (2ms)
				EditorAssembliesLoaded (0ms)
			ExecutionOrderSort2 (0ms)
			AwakeInstancesAfterBackupRestoration (8ms)
Platform modules already initialized, skipping
Refreshing native plugins compatible for Editor in 0.50 ms, found 2 plugins.
Preloading 0 native plugins for Editor in 0.00 ms.
Unloading 1567 Unused Serialized files (Serialized files now loaded: 0)
System memory in use before: 74.2 MB.
System memory in use after: 74.3 MB.

Unloading 15 unused Assets to reduce memory usage. Loaded Objects now: 2016.
Total: 2.018800 ms (FindLiveObjects: 0.203900 ms CreateObjectMapping: 0.060000 ms MarkObjects: 1.689500 ms  DeleteObjects: 0.063900 ms)

AssetImportParameters requested are different than current active one (requested -> active):
  custom:framework-win-MediaFoundation: 216162199b28c13a410421893ffa2e32 -> 
  custom:video-decoder-ogg-theora: a1e56fd34408186e4bbccfd4996cb3dc -> 
  custom:container-muxer-webm: aa71ff27fc2769a1b78a27578f13a17b -> 
  custom:container-demuxer-webm: 4f35f7cbe854078d1ac9338744f61a02 -> 
  custom:container-demuxer-ogg: 62fdf1f143b41e24485cea50d1cbac27 -> 
  custom:video-encoder-webm-vp8: eb34c28f22e8b96e1ab97ce403110664 -> 
  custom:video-codec-MediaFoundation-h265: 746d11721c4dcdbdad8f713fa42b33f4 -> 
  custom:video-decoder-webm-vp8: 9c59270c3fd7afecdb556c50c9e8de78 -> 
  custom:audio-decoder-ogg-vorbis: bf7c407c2cedff20999df2af8eb42d56 -> 
  custom:audio-encoder-webm-vorbis: bf7c407c2cedff20999df2af8eb42d56 -> 
========================================================================
Received Prepare
Registering precompiled user dll's ...
Registered in 0.007138 seconds.
Begin MonoManager ReloadAssembly
Native extension for WindowsStandalone target not found
Refreshing native plugins compatible for Editor in 0.41 ms, found 2 plugins.
Preloading 0 native plugins for Editor in 0.00 ms.
Mono: successfully reloaded assembly
- Completed reload, in  1.144 seconds
Domain Reload Profiling:
	ReloadAssembly (1145ms)
		BeginReloadAssembly (230ms)
			ExecutionOrderSort (0ms)
			DisableScriptedObjects (5ms)
			BackupInstance (0ms)
			ReleaseScriptingObjects (0ms)
			CreateAndSetChildDomain (54ms)
		EndReloadAssembly (842ms)
			LoadAssemblies (120ms)
			RebuildTransferFunctionScriptingTraits (0ms)
			SetupTypeCache (312ms)
			ReleaseScriptCaches (1ms)
			RebuildScriptCaches (41ms)
			SetupLoadedEditorAssemblies (294ms)
				LogAssemblyErrors (0ms)
				InitializePlatformSupportModulesInManaged (5ms)
				SetLoadedEditorAssemblies (0ms)
				RefreshPlugins (0ms)
				BeforeProcessingInitializeOnLoad (77ms)
				ProcessInitializeOnLoadAttributes (205ms)
				ProcessInitializeOnLoadMethodAttributes (4ms)
				AfterProcessingInitializeOnLoad (2ms)
				EditorAssembliesLoaded (0ms)
			ExecutionOrderSort2 (0ms)
			AwakeInstancesAfterBackupRestoration (10ms)
Platform modules already initialized, skipping
Refreshing native plugins compatible for Editor in 0.39 ms, found 2 plugins.
Preloading 0 native plugins for Editor in 0.00 ms.
Unloading 1567 Unused Serialized files (Serialized files now loaded: 0)
System memory in use before: 74.3 MB.
System memory in use after: 74.4 MB.

Unloading 15 unused Assets to reduce memory usage. Loaded Objects now: 2018.
Total: 2.079400 ms (FindLiveObjects: 0.207500 ms CreateObjectMapping: 0.060200 ms MarkObjects: 1.740700 ms  DeleteObjects: 0.069800 ms)

AssetImportParameters requested are different than current active one (requested -> active):
  custom:framework-win-MediaFoundation: 216162199b28c13a410421893ffa2e32 -> 
  custom:video-decoder-ogg-theora: a1e56fd34408186e4bbccfd4996cb3dc -> 
  custom:container-muxer-webm: aa71ff27fc2769a1b78a27578f13a17b -> 
  custom:container-demuxer-webm: 4f35f7cbe854078d1ac9338744f61a02 -> 
  custom:container-demuxer-ogg: 62fdf1f143b41e24485cea50d1cbac27 -> 
  custom:video-encoder-webm-vp8: eb34c28f22e8b96e1ab97ce403110664 -> 
  custom:video-codec-MediaFoundation-h265: 746d11721c4dcdbdad8f713fa42b33f4 -> 
  custom:video-decoder-webm-vp8: 9c59270c3fd7afecdb556c50c9e8de78 -> 
  custom:audio-decoder-ogg-vorbis: bf7c407c2cedff20999df2af8eb42d56 -> 
  custom:audio-encoder-webm-vorbis: bf7c407c2cedff20999df2af8eb42d56 -> 
========================================================================
Received Prepare
Registering precompiled user dll's ...
Registered in 0.011010 seconds.
Begin MonoManager ReloadAssembly
Native extension for WindowsStandalone target not found
Refreshing native plugins compatible for Editor in 0.40 ms, found 2 plugins.
Preloading 0 native plugins for Editor in 0.00 ms.
Mono: successfully reloaded assembly
- Completed reload, in  1.384 seconds
Domain Reload Profiling:
	ReloadAssembly (1385ms)
		BeginReloadAssembly (240ms)
			ExecutionOrderSort (0ms)
			DisableScriptedObjects (6ms)
			BackupInstance (0ms)
			ReleaseScriptingObjects (0ms)
			CreateAndSetChildDomain (103ms)
		EndReloadAssembly (1037ms)
			LoadAssemblies (132ms)
			RebuildTransferFunctionScriptingTraits (0ms)
			SetupTypeCache (341ms)
			ReleaseScriptCaches (1ms)
			RebuildScriptCaches (58ms)
			SetupLoadedEditorAssemblies (370ms)
				LogAssemblyErrors (0ms)
				InitializePlatformSupportModulesInManaged (5ms)
				SetLoadedEditorAssemblies (0ms)
				RefreshPlugins (0ms)
				BeforeProcessingInitializeOnLoad (110ms)
				ProcessInitializeOnLoadAttributes (246ms)
				ProcessInitializeOnLoadMethodAttributes (5ms)
				AfterProcessingInitializeOnLoad (3ms)
				EditorAssembliesLoaded (0ms)
			ExecutionOrderSort2 (0ms)
			AwakeInstancesAfterBackupRestoration (9ms)
Platform modules already initialized, skipping
Refreshing native plugins compatible for Editor in 0.65 ms, found 2 plugins.
Preloading 0 native plugins for Editor in 0.00 ms.
Unloading 1567 Unused Serialized files (Serialized files now loaded: 0)
System memory in use before: 74.3 MB.
System memory in use after: 74.4 MB.

Unloading 15 unused Assets to reduce memory usage. Loaded Objects now: 2020.
Total: 3.600700 ms (FindLiveObjects: 0.326600 ms CreateObjectMapping: 0.109100 ms MarkObjects: 3.047000 ms  DeleteObjects: 0.115800 ms)

AssetImportParameters requested are different than current active one (requested -> active):
  custom:framework-win-MediaFoundation: 216162199b28c13a410421893ffa2e32 -> 
  custom:video-decoder-ogg-theora: a1e56fd34408186e4bbccfd4996cb3dc -> 
  custom:container-muxer-webm: aa71ff27fc2769a1b78a27578f13a17b -> 
  custom:container-demuxer-webm: 4f35f7cbe854078d1ac9338744f61a02 -> 
  custom:container-demuxer-ogg: 62fdf1f143b41e24485cea50d1cbac27 -> 
  custom:video-encoder-webm-vp8: eb34c28f22e8b96e1ab97ce403110664 -> 
  custom:video-codec-MediaFoundation-h265: 746d11721c4dcdbdad8f713fa42b33f4 -> 
  custom:video-decoder-webm-vp8: 9c59270c3fd7afecdb556c50c9e8de78 -> 
  custom:audio-decoder-ogg-vorbis: bf7c407c2cedff20999df2af8eb42d56 -> 
  custom:audio-encoder-webm-vorbis: bf7c407c2cedff20999df2af8eb42d56 -> 
========================================================================
Received Prepare
Registering precompiled user dll's ...
Registered in 0.004587 seconds.
Begin MonoManager ReloadAssembly
Native extension for WindowsStandalone target not found
Refreshing native plugins compatible for Editor in 0.38 ms, found 2 plugins.
Preloading 0 native plugins for Editor in 0.00 ms.
Mono: successfully reloaded assembly
- Completed reload, in  1.210 seconds
Domain Reload Profiling:
	ReloadAssembly (1210ms)
		BeginReloadAssembly (222ms)
			ExecutionOrderSort (0ms)
			DisableScriptedObjects (6ms)
			BackupInstance (0ms)
			ReleaseScriptingObjects (0ms)
			CreateAndSetChildDomain (64ms)
		EndReloadAssembly (906ms)
			LoadAssemblies (170ms)
			RebuildTransferFunctionScriptingTraits (0ms)
			SetupTypeCache (329ms)
			ReleaseScriptCaches (1ms)
			RebuildScriptCaches (43ms)
			SetupLoadedEditorAssemblies (301ms)
				LogAssemblyErrors (0ms)
				InitializePlatformSupportModulesInManaged (5ms)
				SetLoadedEditorAssemblies (0ms)
				RefreshPlugins (0ms)
				BeforeProcessingInitializeOnLoad (81ms)
				ProcessInitializeOnLoadAttributes (206ms)
				ProcessInitializeOnLoadMethodAttributes (4ms)
				AfterProcessingInitializeOnLoad (4ms)
				EditorAssembliesLoaded (0ms)
			ExecutionOrderSort2 (0ms)
			AwakeInstancesAfterBackupRestoration (8ms)
Platform modules already initialized, skipping
Refreshing native plugins compatible for Editor in 0.37 ms, found 2 plugins.
Preloading 0 native plugins for Editor in 0.00 ms.
Unloading 1567 Unused Serialized files (Serialized files now loaded: 0)
System memory in use before: 74.3 MB.
System memory in use after: 74.4 MB.

Unloading 15 unused Assets to reduce memory usage. Loaded Objects now: 2022.
Total: 2.265700 ms (FindLiveObjects: 0.264000 ms CreateObjectMapping: 0.085400 ms MarkObjects: 1.833500 ms  DeleteObjects: 0.081200 ms)

AssetImportParameters requested are different than current active one (requested -> active):
  custom:framework-win-MediaFoundation: 216162199b28c13a410421893ffa2e32 -> 
  custom:video-decoder-ogg-theora: a1e56fd34408186e4bbccfd4996cb3dc -> 
  custom:container-muxer-webm: aa71ff27fc2769a1b78a27578f13a17b -> 
  custom:container-demuxer-webm: 4f35f7cbe854078d1ac9338744f61a02 -> 
  custom:container-demuxer-ogg: 62fdf1f143b41e24485cea50d1cbac27 -> 
  custom:video-encoder-webm-vp8: eb34c28f22e8b96e1ab97ce403110664 -> 
  custom:video-codec-MediaFoundation-h265: 746d11721c4dcdbdad8f713fa42b33f4 -> 
  custom:video-decoder-webm-vp8: 9c59270c3fd7afecdb556c50c9e8de78 -> 
  custom:audio-decoder-ogg-vorbis: bf7c407c2cedff20999df2af8eb42d56 -> 
  custom:audio-encoder-webm-vorbis: bf7c407c2cedff20999df2af8eb42d56 -> 
========================================================================
Received Prepare
Registering precompiled user dll's ...
Registered in 0.006511 seconds.
Begin MonoManager ReloadAssembly
Native extension for WindowsStandalone target not found
Refreshing native plugins compatible for Editor in 0.42 ms, found 2 plugins.
Preloading 0 native plugins for Editor in 0.00 ms.
Mono: successfully reloaded assembly
- Completed reload, in  1.069 seconds
Domain Reload Profiling:
	ReloadAssembly (1071ms)
		BeginReloadAssembly (136ms)
			ExecutionOrderSort (0ms)
			DisableScriptedObjects (6ms)
			BackupInstance (0ms)
			ReleaseScriptingObjects (0ms)
			CreateAndSetChildDomain (35ms)
		EndReloadAssembly (866ms)
			LoadAssemblies (123ms)
			RebuildTransferFunctionScriptingTraits (0ms)
			SetupTypeCache (315ms)
			ReleaseScriptCaches (1ms)
			RebuildScriptCaches (43ms)
			SetupLoadedEditorAssemblies (298ms)
				LogAssemblyErrors (0ms)
				InitializePlatformSupportModulesInManaged (5ms)
				SetLoadedEditorAssemblies (0ms)
				RefreshPlugins (0ms)
				BeforeProcessingInitializeOnLoad (76ms)
				ProcessInitializeOnLoadAttributes (209ms)
				ProcessInitializeOnLoadMethodAttributes (4ms)
				AfterProcessingInitializeOnLoad (3ms)
				EditorAssembliesLoaded (0ms)
			ExecutionOrderSort2 (0ms)
			AwakeInstancesAfterBackupRestoration (7ms)
Platform modules already initialized, skipping
Refreshing native plugins compatible for Editor in 0.68 ms, found 2 plugins.
Preloading 0 native plugins for Editor in 0.00 ms.
Unloading 1567 Unused Serialized files (Serialized files now loaded: 0)
System memory in use before: 74.3 MB.
System memory in use after: 74.4 MB.

Unloading 15 unused Assets to reduce memory usage. Loaded Objects now: 2024.
Total: 2.144100 ms (FindLiveObjects: 0.175800 ms CreateObjectMapping: 0.066200 ms MarkObjects: 1.770900 ms  DeleteObjects: 0.130100 ms)

AssetImportParameters requested are different than current active one (requested -> active):
  custom:framework-win-MediaFoundation: 216162199b28c13a410421893ffa2e32 -> 
  custom:video-decoder-ogg-theora: a1e56fd34408186e4bbccfd4996cb3dc -> 
  custom:container-muxer-webm: aa71ff27fc2769a1b78a27578f13a17b -> 
  custom:container-demuxer-webm: 4f35f7cbe854078d1ac9338744f61a02 -> 
  custom:container-demuxer-ogg: 62fdf1f143b41e24485cea50d1cbac27 -> 
  custom:video-encoder-webm-vp8: eb34c28f22e8b96e1ab97ce403110664 -> 
  custom:video-codec-MediaFoundation-h265: 746d11721c4dcdbdad8f713fa42b33f4 -> 
  custom:video-decoder-webm-vp8: 9c59270c3fd7afecdb556c50c9e8de78 -> 
  custom:audio-decoder-ogg-vorbis: bf7c407c2cedff20999df2af8eb42d56 -> 
  custom:audio-encoder-webm-vorbis: bf7c407c2cedff20999df2af8eb42d56 -> 
========================================================================
Received Import Request.
  Time since last request: 1402.495874 seconds.
  path: Assets/Scripts/GameEnd.cs
  artifactKey: Guid(be41f32e11f9bc74eb71bd26b801bc38) Importer(815301076,1909f56bfc062723c751e8b465ee728b)
Start importing Assets/Scripts/GameEnd.cs using Guid(be41f32e11f9bc74eb71bd26b801bc38) Importer(815301076,1909f56bfc062723c751e8b465ee728b)  -> (artifact id: '70ac576cc616cc8776a3612a9600d9d5') in 0.149430 seconds 
  Import took 0.152166 seconds .

========================================================================
Received Prepare
Refreshing native plugins compatible for Editor in 5.65 ms, found 2 plugins.
Preloading 0 native plugins for Editor in 0.00 ms.
Unloading 12 Unused Serialized files (Serialized files now loaded: 0)
System memory in use before: 43.5 MB.
System memory in use after: 43.6 MB.

Unloading 12 unused Assets to reduce memory usage. Loaded Objects now: 2024.
Total: 3.093800 ms (FindLiveObjects: 0.280400 ms CreateObjectMapping: 0.136400 ms MarkObjects: 2.608800 ms  DeleteObjects: 0.067200 ms)

AssetImportParameters requested are different than current active one (requested -> active):
  custom:framework-win-MediaFoundation: 216162199b28c13a410421893ffa2e32 -> 
  custom:video-decoder-ogg-theora: a1e56fd34408186e4bbccfd4996cb3dc -> 
  custom:container-muxer-webm: aa71ff27fc2769a1b78a27578f13a17b -> 
  custom:container-demuxer-webm: 4f35f7cbe854078d1ac9338744f61a02 -> 
  custom:container-demuxer-ogg: 62fdf1f143b41e24485cea50d1cbac27 -> 
  custom:video-encoder-webm-vp8: eb34c28f22e8b96e1ab97ce403110664 -> 
  custom:video-codec-MediaFoundation-h265: 746d11721c4dcdbdad8f713fa42b33f4 -> 
  custom:video-decoder-webm-vp8: 9c59270c3fd7afecdb556c50c9e8de78 -> 
  custom:audio-decoder-ogg-vorbis: bf7c407c2cedff20999df2af8eb42d56 -> 
  custom:audio-encoder-webm-vorbis: bf7c407c2cedff20999df2af8eb42d56 -> 
========================================================================
Received Import Request.
  Time since last request: 295.073482 seconds.
  path: Assets/Scenes/pauseScene.unity
  artifactKey: Guid(c89927df6f48bfb43a6cf4f5227b6135) Importer(815301076,1909f56bfc062723c751e8b465ee728b)
Start importing Assets/Scenes/pauseScene.unity using Guid(c89927df6f48bfb43a6cf4f5227b6135) Importer(815301076,1909f56bfc062723c751e8b465ee728b)  -> (artifact id: '9c1baf11fd1823076224d98fcd761d81') in 3.023496 seconds 
  Import took 3.072839 seconds .

========================================================================
Received Import Request.
  Time since last request: 0.048180 seconds.
  path: Assets/Scenes/YouWon.unity
  artifactKey: Guid(73acb6aa1a457104b9bfaf3b2f43adab) Importer(815301076,1909f56bfc062723c751e8b465ee728b)
Start importing Assets/Scenes/YouWon.unity using Guid(73acb6aa1a457104b9bfaf3b2f43adab) Importer(815301076,1909f56bfc062723c751e8b465ee728b)  -> (artifact id: '03954e6f4b612f2aeea42854c13584cd') in 0.196734 seconds 
  Import took 0.199936 seconds .

========================================================================
Received Import Request.
  Time since last request: 0.000270 seconds.
  path: Assets/Scenes/SampleScene.unity
  artifactKey: Guid(9fc0d4010bbf28b4594072e72b8655ab) Importer(815301076,1909f56bfc062723c751e8b465ee728b)
Start importing Assets/Scenes/SampleScene.unity using Guid(9fc0d4010bbf28b4594072e72b8655ab) Importer(815301076,1909f56bfc062723c751e8b465ee728b)  -> (artifact id: '6f22ece6330fd400ee6b2407c46c9595') in 0.003776 seconds 
  Import took 0.007722 seconds .

========================================================================
Received Import Request.
  Time since last request: 25.660822 seconds.
  path: Assets/Goblins,Trolls and Hobgoblins/READ ME FIRST!!!/durahan/003.png
  artifactKey: Guid(5cd219a22a859284b97b3b5668e451ec) Importer(815301076,1909f56bfc062723c751e8b465ee728b)
Start importing Assets/Goblins,Trolls and Hobgoblins/READ ME FIRST!!!/durahan/003.png using Guid(5cd219a22a859284b97b3b5668e451ec) Importer(815301076,1909f56bfc062723c751e8b465ee728b)  -> (artifact id: '9d4e647de33eb51a39c83a485a582319') in 1.951623 seconds 
  Import took 2.008913 seconds .

========================================================================
Received Import Request.
  Time since last request: 0.000333 seconds.
  path: Assets/3.png
  artifactKey: Guid(6cc4cc7934e8dfb488cd77be53d1c236) Importer(815301076,1909f56bfc062723c751e8b465ee728b)
Start importing Assets/3.png using Guid(6cc4cc7934e8dfb488cd77be53d1c236) Importer(815301076,1909f56bfc062723c751e8b465ee728b)  -> (artifact id: 'f657b9a2787d02df33d9d2714de4a800') in 0.622409 seconds 
  Import took 0.626434 seconds .

========================================================================
Received Import Request.
  Time since last request: 0.000251 seconds.
  path: Assets/Goblins,Trolls and Hobgoblins/READ ME FIRST!!!/ouger/003.png
  artifactKey: Guid(a95d942f5f2362b479aa2214bae67af8) Importer(815301076,1909f56bfc062723c751e8b465ee728b)
Start importing Assets/Goblins,Trolls and Hobgoblins/READ ME FIRST!!!/ouger/003.png using Guid(a95d942f5f2362b479aa2214bae67af8) Importer(815301076,1909f56bfc062723c751e8b465ee728b)  -> (artifact id: '35466399aec1bf969155aa8a0287b760') in 0.014782 seconds 
  Import took 0.017805 seconds .

========================================================================
Received Import Request.
  Time since last request: 0.000273 seconds.
  path: Assets/Wizard/READ ME(wizard)/003.png
  artifactKey: Guid(1283613db66bc60409e0989253adebd5) Importer(815301076,1909f56bfc062723c751e8b465ee728b)
Start importing Assets/Wizard/READ ME(wizard)/003.png using Guid(1283613db66bc60409e0989253adebd5) Importer(815301076,1909f56bfc062723c751e8b465ee728b)  -> (artifact id: 'ccdb38057db5098e5f8c02ec7a6690f2') in 0.016871 seconds 
  Import took 0.020386 seconds .

========================================================================
Received Import Request.
  Time since last request: 0.000286 seconds.
  path: Assets/Goblins,Trolls and Hobgoblins/READ ME FIRST!!!/hobgoblin/003.png
  artifactKey: Guid(4a32cf78bb92efc439fbd026839afd37) Importer(815301076,1909f56bfc062723c751e8b465ee728b)
Start importing Assets/Goblins,Trolls and Hobgoblins/READ ME FIRST!!!/hobgoblin/003.png using Guid(4a32cf78bb92efc439fbd026839afd37) Importer(815301076,1909f56bfc062723c751e8b465ee728b)  -> (artifact id: 'ec6010abf5a720ef8362a80cc3f10cb1') in 0.020031 seconds 
  Import took 0.024545 seconds .

========================================================================
Received Import Request.
  Time since last request: 0.000301 seconds.
  path: Assets/4-removebg-preview (2) - Copy 1.png
  artifactKey: Guid(a16908a4c30003e4cae02ab8437f3169) Importer(815301076,1909f56bfc062723c751e8b465ee728b)
Start importing Assets/4-removebg-preview (2) - Copy 1.png using Guid(a16908a4c30003e4cae02ab8437f3169) Importer(815301076,1909f56bfc062723c751e8b465ee728b)  -> (artifact id: '964a4ddc8c34681a9d4e1f1bd2be167b') in 0.016626 seconds 
  Import took 0.021724 seconds .

========================================================================
Received Import Request.
  Time since last request: 0.000334 seconds.
  path: Assets/4-removebg-preview (1).png
  artifactKey: Guid(35aabb2abf0e21246a62770c5288c9c3) Importer(815301076,1909f56bfc062723c751e8b465ee728b)
Start importing Assets/4-removebg-preview (1).png using Guid(35aabb2abf0e21246a62770c5288c9c3) Importer(815301076,1909f56bfc062723c751e8b465ee728b)  -> (artifact id: '8a1df1d97a0afbc89dddd255aef22ca1') in 0.015353 seconds 
  Import took 0.019395 seconds .

========================================================================
Received Import Request.
  Time since last request: 0.000243 seconds.
  path: Assets/4-removebg-preview (2) (1).png
  artifactKey: Guid(ffaa6af44a4380644ba53ab36edf557b) Importer(815301076,1909f56bfc062723c751e8b465ee728b)
Start importing Assets/4-removebg-preview (2) (1).png using Guid(ffaa6af44a4380644ba53ab36edf557b) Importer(815301076,1909f56bfc062723c751e8b465ee728b)  -> (artifact id: 'bffab6eba12ad24e5632183edc650aa6') in 0.011921 seconds 
  Import took 0.015286 seconds .

========================================================================
Received Import Request.
  Time since last request: 0.000395 seconds.
  path: Assets/3-removebg-preview (1).png
  artifactKey: Guid(0bf65c6b30c5ffd43a2f4f85178d29cc) Importer(815301076,1909f56bfc062723c751e8b465ee728b)
Start importing Assets/3-removebg-preview (1).png using Guid(0bf65c6b30c5ffd43a2f4f85178d29cc) Importer(815301076,1909f56bfc062723c751e8b465ee728b)  -> (artifact id: 'cfcab1c8edca4f8118319de9bf795848') in 0.014230 seconds 
  Import took 0.018199 seconds .

========================================================================
Received Import Request.
  Time since last request: 0.000216 seconds.
  path: Assets/4-removebg-preview (2).png
  artifactKey: Guid(807406b547153bf4c81838f71062bc0b) Importer(815301076,1909f56bfc062723c751e8b465ee728b)
Start importing Assets/4-removebg-preview (2).png using Guid(807406b547153bf4c81838f71062bc0b) Importer(815301076,1909f56bfc062723c751e8b465ee728b)  -> (artifact id: '2a95b96984793a66cd297d7658e982a5') in 0.007934 seconds 
  Import took 0.010445 seconds .

========================================================================
Received Import Request.
  Time since last request: 0.000203 seconds.
  path: Assets/4-removebg-preview.png
  artifactKey: Guid(78d7ac84bfb6cb3409d0eb3ca4208a5e) Importer(815301076,1909f56bfc062723c751e8b465ee728b)
Start importing Assets/4-removebg-preview.png using Guid(78d7ac84bfb6cb3409d0eb3ca4208a5e) Importer(815301076,1909f56bfc062723c751e8b465ee728b)  -> (artifact id: '68c04b9007f515d50a692719b89e603e') in 0.008152 seconds 
  Import took 0.010661 seconds .

========================================================================
Received Import Request.
  Time since last request: 0.000201 seconds.
  path: Assets/4-removebg-preview (2) - Copy.png
  artifactKey: Guid(990715a6e5ee7f045809b865e0a2c5c2) Importer(815301076,1909f56bfc062723c751e8b465ee728b)
Start importing Assets/4-removebg-preview (2) - Copy.png using Guid(990715a6e5ee7f045809b865e0a2c5c2) Importer(815301076,1909f56bfc062723c751e8b465ee728b)  -> (artifact id: '7d080048d19551f986da412b7e52786e') in 0.008100 seconds 
  Import took 0.011010 seconds .

========================================================================
Received Import Request.
  Time since last request: 0.000221 seconds.
  path: Assets/3-removebg-preview.png
  artifactKey: Guid(4baa4ec61657536448bc690811bd36a4) Importer(815301076,1909f56bfc062723c751e8b465ee728b)
Start importing Assets/3-removebg-preview.png using Guid(4baa4ec61657536448bc690811bd36a4) Importer(815301076,1909f56bfc062723c751e8b465ee728b)  -> (artifact id: 'e06b304143c1c829d4af30a3d71d23f8') in 0.007260 seconds 
  Import took 0.010046 seconds .

========================================================================
Received Import Request.
  Time since last request: 0.000275 seconds.
  path: Assets/3 (1).png
  artifactKey: Guid(c2f427bfebd2a2f42b38e4e42d942131) Importer(815301076,1909f56bfc062723c751e8b465ee728b)
Start importing Assets/3 (1).png using Guid(c2f427bfebd2a2f42b38e4e42d942131) Importer(815301076,1909f56bfc062723c751e8b465ee728b)  -> (artifact id: '99d96c1d3f01e500ea5c1f32760111ad') in 0.014438 seconds 
  Import took 0.018024 seconds .

========================================================================
Received Import Request.
  Time since last request: 0.000330 seconds.
  path: Assets/Goblins,Trolls and Hobgoblins/READ ME FIRST!!!/troll/003.png
  artifactKey: Guid(1e5658d218e352e4aae38269dfa0d24c) Importer(815301076,1909f56bfc062723c751e8b465ee728b)
Start importing Assets/Goblins,Trolls and Hobgoblins/READ ME FIRST!!!/troll/003.png using Guid(1e5658d218e352e4aae38269dfa0d24c) Importer(815301076,1909f56bfc062723c751e8b465ee728b)  -> (artifact id: '4a396faf6e1757adf1db1b8e403b199c') in 0.033388 seconds 
  Import took 0.037843 seconds .

========================================================================
Received Import Request.
  Time since last request: 0.000269 seconds.
  path: Assets/3-removebg-preview1.png
  artifactKey: Guid(7eb99106f987cbe44aa4618d269d5b0d) Importer(815301076,1909f56bfc062723c751e8b465ee728b)
Start importing Assets/3-removebg-preview1.png using Guid(7eb99106f987cbe44aa4618d269d5b0d) Importer(815301076,1909f56bfc062723c751e8b465ee728b)  -> (artifact id: 'd9c2a8faa018912e7e275b9048a7ddf6') in 0.017354 seconds 
  Import took 0.020472 seconds .

========================================================================
Received Import Request.
  Time since last request: 0.000286 seconds.
  path: Assets/4-removebg-preview (2)1.png
  artifactKey: Guid(792538a1b306e064988b812274787d21) Importer(815301076,1909f56bfc062723c751e8b465ee728b)
Start importing Assets/4-removebg-preview (2)1.png using Guid(792538a1b306e064988b812274787d21) Importer(815301076,1909f56bfc062723c751e8b465ee728b)  -> (artifact id: '3e973438d7ef2238d166bd0a1c09a1d3') in 0.073248 seconds 
  Import took 0.076243 seconds .

========================================================================
Received Import Request.
  Time since last request: 10.366979 seconds.
  path: Assets/Goblins,Trolls and Hobgoblins/READ ME FIRST!!!/ketbleperz/002.png
  artifactKey: Guid(669175e0215da4842a518a66ef1beac9) Importer(815301076,1909f56bfc062723c751e8b465ee728b)
Start importing Assets/Goblins,Trolls and Hobgoblins/READ ME FIRST!!!/ketbleperz/002.png using Guid(669175e0215da4842a518a66ef1beac9) Importer(815301076,1909f56bfc062723c751e8b465ee728b)  -> (artifact id: '68c552060e1be51a9e2fa3fddbbf5364') in 0.102407 seconds 
  Import took 0.105478 seconds .

========================================================================
Received Import Request.
  Time since last request: 0.000302 seconds.
  path: Assets/Goblins,Trolls and Hobgoblins/READ ME FIRST!!!/hellhound/002.png
  artifactKey: Guid(0e2b914d14facbf4ea7b92dacc55fcee) Importer(815301076,1909f56bfc062723c751e8b465ee728b)
Start importing Assets/Goblins,Trolls and Hobgoblins/READ ME FIRST!!!/hellhound/002.png using Guid(0e2b914d14facbf4ea7b92dacc55fcee) Importer(815301076,1909f56bfc062723c751e8b465ee728b)  -> (artifact id: '0a33c4b5056f5be06e8fb46fc8b5228e') in 0.015602 seconds 
  Import took 0.019221 seconds .

========================================================================
Received Import Request.
  Time since last request: 0.000288 seconds.
  path: Assets/Goblins,Trolls and Hobgoblins/READ ME FIRST!!!/kimera/002.png
  artifactKey: Guid(f4a47c135a1409e49a180b0327309f3d) Importer(815301076,1909f56bfc062723c751e8b465ee728b)
Start importing Assets/Goblins,Trolls and Hobgoblins/READ ME FIRST!!!/kimera/002.png using Guid(f4a47c135a1409e49a180b0327309f3d) Importer(815301076,1909f56bfc062723c751e8b465ee728b)  -> (artifact id: 'ee13991a617fd9da75c0c91b18d39441') in 0.093016 seconds 
  Import took 0.096632 seconds .

========================================================================
Received Import Request.
  Time since last request: 0.000344 seconds.
  path: Assets/Goblins,Trolls and Hobgoblins/READ ME FIRST!!!/troll/002.png
  artifactKey: Guid(52b68f45d172da34daec11803d50538b) Importer(815301076,1909f56bfc062723c751e8b465ee728b)
Start importing Assets/Goblins,Trolls and Hobgoblins/READ ME FIRST!!!/troll/002.png using Guid(52b68f45d172da34daec11803d50538b) Importer(815301076,1909f56bfc062723c751e8b465ee728b)  -> (artifact id: '3da148d73b26fbcd2bdb0853e51ab60d') in 0.014538 seconds 
  Import took 0.017950 seconds .

========================================================================
Received Import Request.
  Time since last request: 0.000292 seconds.
  path: Assets/Goblins,Trolls and Hobgoblins/READ ME FIRST!!!/ketbleperz/002.png
  artifactKey: Guid(669175e0215da4842a518a66ef1beac9) Importer(815301076,1909f56bfc062723c751e8b465ee728b)
Start importing Assets/Goblins,Trolls and Hobgoblins/READ ME FIRST!!!/ketbleperz/002.png using Guid(669175e0215da4842a518a66ef1beac9) Importer(815301076,1909f56bfc062723c751e8b465ee728b)  -> (artifact id: '68c552060e1be51a9e2fa3fddbbf5364') in 0.250970 seconds 
  Import took 0.274181 seconds .

========================================================================
Received Import Request.
  Time since last request: 0.000314 seconds.
  path: Assets/Goblins,Trolls and Hobgoblins/READ ME FIRST!!!/ouger/002.png
  artifactKey: Guid(d5f72a37165c9714584aef16ff641eeb) Importer(815301076,1909f56bfc062723c751e8b465ee728b)
Start importing Assets/Goblins,Trolls and Hobgoblins/READ ME FIRST!!!/ouger/002.png using Guid(d5f72a37165c9714584aef16ff641eeb) Importer(815301076,1909f56bfc062723c751e8b465ee728b)  -> (artifact id: 'a2f7fe6c22362fd1e6eaa20428731ec8') in 0.049571 seconds 
  Import took 0.052727 seconds .

========================================================================
Received Import Request.
  Time since last request: 0.000383 seconds.
  path: Assets/2-removebg-preview.png
  artifactKey: Guid(376898f414f416046aa2c2ff6027d8c2) Importer(815301076,1909f56bfc062723c751e8b465ee728b)
Start importing Assets/2-removebg-preview.png using Guid(376898f414f416046aa2c2ff6027d8c2) Importer(815301076,1909f56bfc062723c751e8b465ee728b)  -> (artifact id: 'dd682946490e92d559eb6ddf54156306') in 0.011647 seconds 
  Import took 0.015455 seconds .

========================================================================
Received Import Request.
  Time since last request: 0.000242 seconds.
  path: Assets/Goblins,Trolls and Hobgoblins/READ ME FIRST!!!/ketbleperz/003.png
  artifactKey: Guid(1bde5796bc61d4f4d9cc130bfbd5101b) Importer(815301076,1909f56bfc062723c751e8b465ee728b)
Start importing Assets/Goblins,Trolls and Hobgoblins/READ ME FIRST!!!/ketbleperz/003.png using Guid(1bde5796bc61d4f4d9cc130bfbd5101b) Importer(815301076,1909f56bfc062723c751e8b465ee728b)  -> (artifact id: '258a2ca0a50a26c480b3a11fbac34130') in 0.016011 seconds 
  Import took 0.018756 seconds .

========================================================================
Received Import Request.
  Time since last request: 0.000213 seconds.
  path: Assets/Goblins,Trolls and Hobgoblins/READ ME FIRST!!!/wolf/002.png
  artifactKey: Guid(eb693333a69750a43bd127b764168019) Importer(815301076,1909f56bfc062723c751e8b465ee728b)
Start importing Assets/Goblins,Trolls and Hobgoblins/READ ME FIRST!!!/wolf/002.png using Guid(eb693333a69750a43bd127b764168019) Importer(815301076,1909f56bfc062723c751e8b465ee728b)  -> (artifact id: 'c5d80de67bc9331f330cd3aa3c5a1eba') in 0.012657 seconds 
  Import took 0.015839 seconds .

========================================================================
Received Import Request.
  Time since last request: 4.197915 seconds.
  path: Assets/5-removebg-preview.png
  artifactKey: Guid(32698287b30742e4793ab6aaaf1175d8) Importer(815301076,1909f56bfc062723c751e8b465ee728b)
Start importing Assets/5-removebg-preview.png using Guid(32698287b30742e4793ab6aaaf1175d8) Importer(815301076,1909f56bfc062723c751e8b465ee728b)  -> (artifact id: '0788a618c87412f7ec8ee73e292043c5') in 0.009789 seconds 
  Import took 0.013487 seconds .

========================================================================
Received Import Request.
  Time since last request: 0.000270 seconds.
  path: Assets/5-removebg-preview1.png
  artifactKey: Guid(e76771712095e8b42aefe9c6ee3bea56) Importer(815301076,1909f56bfc062723c751e8b465ee728b)
Start importing Assets/5-removebg-preview1.png using Guid(e76771712095e8b42aefe9c6ee3bea56) Importer(815301076,1909f56bfc062723c751e8b465ee728b)  -> (artifact id: '3d548542f2bcddf0aa18fb59be5a5920') in 0.015130 seconds 
  Import took 0.019418 seconds .

========================================================================
Received Import Request.
  Time since last request: 0.000334 seconds.
  path: Assets/6-removebg-preview.png
  artifactKey: Guid(0e9451b78861ffa4e8a38d6c15f4f419) Importer(815301076,1909f56bfc062723c751e8b465ee728b)
Start importing Assets/6-removebg-preview.png using Guid(0e9451b78861ffa4e8a38d6c15f4f419) Importer(815301076,1909f56bfc062723c751e8b465ee728b)  -> (artifact id: '4afa7b7689f69c33042a788c6f88cf66') in 0.012527 seconds 
  Import took 0.016027 seconds .

========================================================================
Received Import Request.
  Time since last request: 0.000301 seconds.
  path: Assets/5-removebg-preview.png
  artifactKey: Guid(32698287b30742e4793ab6aaaf1175d8) Importer(815301076,1909f56bfc062723c751e8b465ee728b)
Start importing Assets/5-removebg-preview.png using Guid(32698287b30742e4793ab6aaaf1175d8) Importer(815301076,1909f56bfc062723c751e8b465ee728b)  -> (artifact id: '0788a618c87412f7ec8ee73e292043c5') in 0.009697 seconds 
  Import took 0.013691 seconds .

========================================================================
Received Import Request.
  Time since last request: 0.012496 seconds.
  path: Assets/6-removebg-preview.png
  artifactKey: Guid(0e9451b78861ffa4e8a38d6c15f4f419) Importer(815301076,1909f56bfc062723c751e8b465ee728b)
Start importing Assets/6-removebg-preview.png using Guid(0e9451b78861ffa4e8a38d6c15f4f419) Importer(815301076,1909f56bfc062723c751e8b465ee728b)  -> (artifact id: '4afa7b7689f69c33042a788c6f88cf66') in 0.021521 seconds 
  Import took 0.026210 seconds .

========================================================================
Received Import Request.
  Time since last request: 1.863144 seconds.
  path: Assets/Movements/Basic Motions/Textures/BasicMotionsTexture.png
  artifactKey: Guid(fad9765a35536374695ea4ff22aca373) Importer(815301076,1909f56bfc062723c751e8b465ee728b)
Start importing Assets/Movements/Basic Motions/Textures/BasicMotionsTexture.png using Guid(fad9765a35536374695ea4ff22aca373) Importer(815301076,1909f56bfc062723c751e8b465ee728b)  -> (artifact id: 'f07fa6af26db292e3b141914f140ac08') in 0.049166 seconds 
  Import took 0.053320 seconds .

========================================================================
Received Import Request.
  Time since last request: 0.000317 seconds.
  path: Assets/Commander/Models/Textures/Berserker_arm_00.PNG
  artifactKey: Guid(34d1ad73e73d10e42a9c8933b581dd66) Importer(815301076,1909f56bfc062723c751e8b465ee728b)
Start importing Assets/Commander/Models/Textures/Berserker_arm_00.PNG using Guid(34d1ad73e73d10e42a9c8933b581dd66) Importer(815301076,1909f56bfc062723c751e8b465ee728b)  -> (artifact id: 'b1b4d90542c559567360b068b4c62686') in 0.018068 seconds 
  Import took 0.022262 seconds .

========================================================================
Received Import Request.
  Time since last request: 0.000425 seconds.
  path: Assets/Commander/Models/Textures/Berserker_head_00.png
  artifactKey: Guid(b6ae374511bff4a44bb6febff5fe3aee) Importer(815301076,1909f56bfc062723c751e8b465ee728b)
Start importing Assets/Commander/Models/Textures/Berserker_head_00.png using Guid(b6ae374511bff4a44bb6febff5fe3aee) Importer(815301076,1909f56bfc062723c751e8b465ee728b)  -> (artifact id: 'ff561b3e3e6350e8f0c84bc0790224b7') in 0.010897 seconds 
  Import took 0.016667 seconds .

========================================================================
Received Import Request.
  Time since last request: 7.737905 seconds.
  path: Assets/Commander/Models/Textures/Berserker_leg_00.png
  artifactKey: Guid(d1e339b10a7121c4bbc3d0e2943e02ec) Importer(815301076,1909f56bfc062723c751e8b465ee728b)
Start importing Assets/Commander/Models/Textures/Berserker_leg_00.png using Guid(d1e339b10a7121c4bbc3d0e2943e02ec) Importer(815301076,1909f56bfc062723c751e8b465ee728b)  -> (artifact id: '14df28250cf5012e204af3f253a820ae') in 0.011801 seconds 
  Import took 0.015937 seconds .

========================================================================
Received Import Request.
  Time since last request: 0.000309 seconds.
  path: Assets/Commander/Models/Textures/Berserker_shoulder_00.PNG
  artifactKey: Guid(f47429d0602a4454d91cc91ed12a3dc9) Importer(815301076,1909f56bfc062723c751e8b465ee728b)
Start importing Assets/Commander/Models/Textures/Berserker_shoulder_00.PNG using Guid(f47429d0602a4454d91cc91ed12a3dc9) Importer(815301076,1909f56bfc062723c751e8b465ee728b)  -> (artifact id: '1b63093b3ede917f628ec41d1fc36d8e') in 0.014409 seconds 
  Import took 0.019854 seconds .

========================================================================
Received Import Request.
  Time since last request: 0.000327 seconds.
  path: Assets/Commander/Models/Textures/Berserker_upper_00.PNG
  artifactKey: Guid(7b5c26034d2c0c74b99d04c88741e49a) Importer(815301076,1909f56bfc062723c751e8b465ee728b)
Start importing Assets/Commander/Models/Textures/Berserker_upper_00.PNG using Guid(7b5c26034d2c0c74b99d04c88741e49a) Importer(815301076,1909f56bfc062723c751e8b465ee728b)  -> (artifact id: 'bd96e1b579bcf0d6e4929356c3100d42') in 0.012992 seconds 
  Import took 0.018124 seconds .

========================================================================
Received Import Request.
  Time since last request: 0.000283 seconds.
  path: Assets/Commander/Models/Textures/Berserker_lower_00.png
  artifactKey: Guid(23d8db405b89d0945980bd10f1728fc9) Importer(815301076,1909f56bfc062723c751e8b465ee728b)
Start importing Assets/Commander/Models/Textures/Berserker_lower_00.png using Guid(23d8db405b89d0945980bd10f1728fc9) Importer(815301076,1909f56bfc062723c751e8b465ee728b)  -> (artifact id: '850a48d90981bc93978f38790df7a02e') in 0.015797 seconds 
  Import took 0.019886 seconds .

========================================================================
Received Import Request.
  Time since last request: 0.002508 seconds.
  path: Assets/Commander/Models/Textures/Berserker_weapon_00.PNG
  artifactKey: Guid(c99b7e71904df0e4ca40bb48682731bb) Importer(815301076,1909f56bfc062723c751e8b465ee728b)
Start importing Assets/Commander/Models/Textures/Berserker_weapon_00.PNG using Guid(c99b7e71904df0e4ca40bb48682731bb) Importer(815301076,1909f56bfc062723c751e8b465ee728b)  -> (artifact id: '66a4925f7d5df478769b5f5051c33c52') in 0.013734 seconds 
  Import took 0.018492 seconds .

========================================================================
Received Import Request.
  Time since last request: 0.000305 seconds.
  path: Assets/Environment/Textures/Catacomb_Wall_001_height.png
  artifactKey: Guid(be1b22754c6edcc4cae1ddbc8ef45777) Importer(815301076,1909f56bfc062723c751e8b465ee728b)
Start importing Assets/Environment/Textures/Catacomb_Wall_001_height.png using Guid(be1b22754c6edcc4cae1ddbc8ef45777) Importer(815301076,1909f56bfc062723c751e8b465ee728b)  -> (artifact id: 'e0f030aa03369b7ca21519fa5a62d55f') in 0.016625 seconds 
  Import took 0.020658 seconds .

========================================================================
Received Import Request.
  Time since last request: 0.000333 seconds.
  path: Assets/Environment/Textures/Catacomb_Wall_001_basecolor.jpg
  artifactKey: Guid(9dfe04e77d5498c4ca5daf47e121ddfb) Importer(815301076,1909f56bfc062723c751e8b465ee728b)
Start importing Assets/Environment/Textures/Catacomb_Wall_001_basecolor.jpg using Guid(9dfe04e77d5498c4ca5daf47e121ddfb) Importer(815301076,1909f56bfc062723c751e8b465ee728b)  -> (artifact id: 'a5bbdbfaef29df087cc3c4627a283271') in 0.019602 seconds 
  Import took 0.023731 seconds .

========================================================================
Received Import Request.
  Time since last request: 0.000310 seconds.
  path: Assets/Environment/Textures/Catacomb_Wall_001_ambientOcclusion.jpg
  artifactKey: Guid(f521fd17a639c51458ca11e36b835b91) Importer(815301076,1909f56bfc062723c751e8b465ee728b)
Start importing Assets/Environment/Textures/Catacomb_Wall_001_ambientOcclusion.jpg using Guid(f521fd17a639c51458ca11e36b835b91) Importer(815301076,1909f56bfc062723c751e8b465ee728b)  -> (artifact id: '0ea0b40a25c200f4e11ba4ba374b6748') in 0.027602 seconds 
  Import took 0.032772 seconds .

========================================================================
Received Import Request.
  Time since last request: 0.476904 seconds.
  path: Assets/Environment/Textures/Catacomb_Wall_001_normal.jpg
  artifactKey: Guid(dc07b8c0fbca7ca4798706038640413a) Importer(815301076,1909f56bfc062723c751e8b465ee728b)
Start importing Assets/Environment/Textures/Catacomb_Wall_001_normal.jpg using Guid(dc07b8c0fbca7ca4798706038640413a) Importer(815301076,1909f56bfc062723c751e8b465ee728b)  -> (artifact id: '9dbd0dc12999978bf45ac896802fa58b') in 0.076585 seconds 
  Import took 0.081019 seconds .

========================================================================
Received Import Request.
  Time since last request: 0.000379 seconds.
  path: Assets/Environment/Textures/Catacomb_Wall_001_roughness.jpg
  artifactKey: Guid(7d1aac10138e3ae448ddc2b35c47b33e) Importer(815301076,1909f56bfc062723c751e8b465ee728b)
Start importing Assets/Environment/Textures/Catacomb_Wall_001_roughness.jpg using Guid(7d1aac10138e3ae448ddc2b35c47b33e) Importer(815301076,1909f56bfc062723c751e8b465ee728b)  -> (artifact id: '23dbdd33773f23369b44e7c6ca60d934') in 0.014685 seconds 
  Import took 0.018692 seconds .

========================================================================
Received Import Request.
  Time since last request: 0.000333 seconds.
  path: Assets/Goblins,Trolls and Hobgoblins/Textures/goblin_01_diff.png
  artifactKey: Guid(31873122f473d07439780e29a5365358) Importer(815301076,1909f56bfc062723c751e8b465ee728b)
Start importing Assets/Goblins,Trolls and Hobgoblins/Textures/goblin_01_diff.png using Guid(31873122f473d07439780e29a5365358) Importer(815301076,1909f56bfc062723c751e8b465ee728b)  -> (artifact id: '1186abd5bee9f5be4213744f4b3a3bbf') in 0.014244 seconds 
  Import took 0.019449 seconds .

========================================================================
Received Import Request.
  Time since last request: 0.000315 seconds.
  path: Assets/Game Over (1).png
  artifactKey: Guid(8152e58dab43dea4b9033999a5412df6) Importer(815301076,1909f56bfc062723c751e8b465ee728b)
Start importing Assets/Game Over (1).png using Guid(8152e58dab43dea4b9033999a5412df6) Importer(815301076,1909f56bfc062723c751e8b465ee728b)  -> (artifact id: '1754b2cc31eca4202dc0c76edd159e2a') in 0.018328 seconds 
  Import took 0.024779 seconds .

========================================================================
Received Import Request.
  Time since last request: 1.841859 seconds.
  path: Assets/Goblins,Trolls and Hobgoblins/Textures/goblin_01_nor.png
  artifactKey: Guid(a5fa62a7b69d7a54b8fa8d85c7388307) Importer(815301076,1909f56bfc062723c751e8b465ee728b)
Start importing Assets/Goblins,Trolls and Hobgoblins/Textures/goblin_01_nor.png using Guid(a5fa62a7b69d7a54b8fa8d85c7388307) Importer(815301076,1909f56bfc062723c751e8b465ee728b)  -> (artifact id: 'b5fd48b99a2c5976545f16154fa854f0') in 0.014470 seconds 
  Import took 0.018860 seconds .

========================================================================
Received Import Request.
  Time since last request: 0.000303 seconds.
  path: Assets/Goblins,Trolls and Hobgoblins/Textures/goblin_02_nor.png
  artifactKey: Guid(a583a5c9c2ecc7a44918af2c0fabff1d) Importer(815301076,1909f56bfc062723c751e8b465ee728b)
Start importing Assets/Goblins,Trolls and Hobgoblins/Textures/goblin_02_nor.png using Guid(a583a5c9c2ecc7a44918af2c0fabff1d) Importer(815301076,1909f56bfc062723c751e8b465ee728b)  -> (artifact id: '214dd3b9e56fbbcf3d7c4794e2454c55') in 0.014351 seconds 
  Import took 0.017678 seconds .

========================================================================
Received Import Request.
  Time since last request: 0.000274 seconds.
  path: Assets/Goblins,Trolls and Hobgoblins/Textures/goblin_02_diff.png
  artifactKey: Guid(4e26755e95ca0154bb9330cfa4ac9f4a) Importer(815301076,1909f56bfc062723c751e8b465ee728b)
Start importing Assets/Goblins,Trolls and Hobgoblins/Textures/goblin_02_diff.png using Guid(4e26755e95ca0154bb9330cfa4ac9f4a) Importer(815301076,1909f56bfc062723c751e8b465ee728b)  -> (artifact id: '476719b97bba75d23e5cb5c39df484bb') in 0.010966 seconds 
  Import took 0.014555 seconds .

========================================================================
Received Import Request.
  Time since last request: 0.268980 seconds.
  path: Assets/Commander/Models/Sprites/Heart.png
  artifactKey: Guid(900d9f19c0c38794dae0943f6eb98873) Importer(815301076,1909f56bfc062723c751e8b465ee728b)
Start importing Assets/Commander/Models/Sprites/Heart.png using Guid(900d9f19c0c38794dae0943f6eb98873) Importer(815301076,1909f56bfc062723c751e8b465ee728b)  -> (artifact id: 'aab420008816b1d377d8b9b7bd276ebe') in 0.009294 seconds 
  Import took 0.012778 seconds .

========================================================================
Received Import Request.
  Time since last request: 0.000450 seconds.
  path: Assets/Goblins,Trolls and Hobgoblins/Textures/hobgoblin_body_nor_001.png
  artifactKey: Guid(c717b42c290fabf43b51086f4c6bf9a6) Importer(815301076,1909f56bfc062723c751e8b465ee728b)
Start importing Assets/Goblins,Trolls and Hobgoblins/Textures/hobgoblin_body_nor_001.png using Guid(c717b42c290fabf43b51086f4c6bf9a6) Importer(815301076,1909f56bfc062723c751e8b465ee728b)  -> (artifact id: 'f261e4cdd26de5f8a2a0b7d4e497ae2b') in 0.015429 seconds 
  Import took 0.019467 seconds .

========================================================================
Received Import Request.
  Time since last request: 0.000416 seconds.
  path: Assets/Goblins,Trolls and Hobgoblins/Textures/hobgoblin_weapon_diff_002.png
  artifactKey: Guid(dfc8d8312a7138745b703623be4c246b) Importer(815301076,1909f56bfc062723c751e8b465ee728b)
Start importing Assets/Goblins,Trolls and Hobgoblins/Textures/hobgoblin_weapon_diff_002.png using Guid(dfc8d8312a7138745b703623be4c246b) Importer(815301076,1909f56bfc062723c751e8b465ee728b)  -> (artifact id: 'e78bb5006a17b5d80e8bb5a9758cc567') in 0.037903 seconds 
  Import took 0.042280 seconds .

========================================================================
Received Import Request.
  Time since last request: 0.000299 seconds.
  path: Assets/Goblins,Trolls and Hobgoblins/Textures/hobgoblin_body_diff_002.png
  artifactKey: Guid(2acfd82716334e54cb59942d66eec7e2) Importer(815301076,1909f56bfc062723c751e8b465ee728b)
Start importing Assets/Goblins,Trolls and Hobgoblins/Textures/hobgoblin_body_diff_002.png using Guid(2acfd82716334e54cb59942d66eec7e2) Importer(815301076,1909f56bfc062723c751e8b465ee728b)  -> (artifact id: 'f1c778765184d3631949b8d5d5b4db56') in 0.012127 seconds 
  Import took 0.016613 seconds .

========================================================================
Received Import Request.
  Time since last request: 0.222996 seconds.
  path: Assets/Goblins,Trolls and Hobgoblins/Textures/hobgoblin_weapon_nor_002.png
  artifactKey: Guid(71d891e975389fa4680907b35665b622) Importer(815301076,1909f56bfc062723c751e8b465ee728b)
Start importing Assets/Goblins,Trolls and Hobgoblins/Textures/hobgoblin_weapon_nor_002.png using Guid(71d891e975389fa4680907b35665b622) Importer(815301076,1909f56bfc062723c751e8b465ee728b)  -> (artifact id: '9deacafa7665f2bb0b727273e9f67938') in 0.015115 seconds 
  Import took 0.019611 seconds .

========================================================================
Received Import Request.
  Time since last request: 0.000222 seconds.
  path: Assets/Environment/Textures/metal_plate_disp_1k.png
  artifactKey: Guid(4f4d309e2acb9b641b95c40ada215009) Importer(815301076,1909f56bfc062723c751e8b465ee728b)
Start importing Assets/Environment/Textures/metal_plate_disp_1k.png using Guid(4f4d309e2acb9b641b95c40ada215009) Importer(815301076,1909f56bfc062723c751e8b465ee728b)  -> (artifact id: '444e6c6163c36fcd0e05cd29c28a38d9') in 0.009800 seconds 
  Import took 0.012863 seconds .

========================================================================
Received Import Request.
  Time since last request: 0.000270 seconds.
  path: Assets/Environment/Textures/metal_plate_diff_1k.jpg
  artifactKey: Guid(11374b74f324dd548b153cf71338c1c5) Importer(815301076,1909f56bfc062723c751e8b465ee728b)
Start importing Assets/Environment/Textures/metal_plate_diff_1k.jpg using Guid(11374b74f324dd548b153cf71338c1c5) Importer(815301076,1909f56bfc062723c751e8b465ee728b)  -> (artifact id: '1c175e76e15fe9f22628d5c67d85ed47') in 0.014152 seconds 
  Import took 0.017906 seconds .

========================================================================
Received Import Request.
  Time since last request: 0.277672 seconds.
  path: Assets/Environment/Textures/metal_plate_nor_gl_1k.exr
  artifactKey: Guid(fe021028340bfab47aa20d768032fa59) Importer(815301076,1909f56bfc062723c751e8b465ee728b)
Start importing Assets/Environment/Textures/metal_plate_nor_gl_1k.exr using Guid(fe021028340bfab47aa20d768032fa59) Importer(815301076,1909f56bfc062723c751e8b465ee728b)  -> (artifact id: '8e9f8d6745075efbe03841f155641190') in 0.501411 seconds 
  Import took 0.504697 seconds .

========================================================================
Received Import Request.
  Time since last request: 0.000218 seconds.
  path: Assets/Goblins,Trolls and Hobgoblins/Environment/EffectMat/particle_dust.png
  artifactKey: Guid(9d93c6d5986291848896257c6a662dc2) Importer(815301076,1909f56bfc062723c751e8b465ee728b)
Start importing Assets/Goblins,Trolls and Hobgoblins/Environment/EffectMat/particle_dust.png using Guid(9d93c6d5986291848896257c6a662dc2) Importer(815301076,1909f56bfc062723c751e8b465ee728b)  -> (artifact id: '5b1a7f3948bf2e1c086cb6bc99b60b3d') in 0.011671 seconds 
  Import took 0.015430 seconds .

========================================================================
Received Import Request.
  Time since last request: 0.000305 seconds.
  path: Assets/Wizard/Environment/Effects/particle_fire.png
  artifactKey: Guid(7c48aa657cce40c41961839b29cb7aa5) Importer(815301076,1909f56bfc062723c751e8b465ee728b)
Start importing Assets/Wizard/Environment/Effects/particle_fire.png using Guid(7c48aa657cce40c41961839b29cb7aa5) Importer(815301076,1909f56bfc062723c751e8b465ee728b)  -> (artifact id: '5ac9be73dca0ea6742b2c3e840a3d1ac') in 0.010526 seconds 
  Import took 0.013621 seconds .

========================================================================
Received Import Request.
  Time since last request: 0.000291 seconds.
  path: Assets/Wizard/Environment/Effects/particle_blood_02.png
  artifactKey: Guid(03aa9b4eeca491f4a8d18cbdd9ff6b30) Importer(815301076,1909f56bfc062723c751e8b465ee728b)
Start importing Assets/Wizard/Environment/Effects/particle_blood_02.png using Guid(03aa9b4eeca491f4a8d18cbdd9ff6b30) Importer(815301076,1909f56bfc062723c751e8b465ee728b)  -> (artifact id: 'da55363091a698364cfd6a669474fcc0') in 0.015389 seconds 
  Import took 0.019888 seconds .

========================================================================
Received Import Request.
  Time since last request: 0.000289 seconds.
  path: Assets/Wizard/Environment/Effects/particle_scratch.png
  artifactKey: Guid(6a4afb33b9f188b4bb972eee5929be0c) Importer(815301076,1909f56bfc062723c751e8b465ee728b)
Start importing Assets/Wizard/Environment/Effects/particle_scratch.png using Guid(6a4afb33b9f188b4bb972eee5929be0c) Importer(815301076,1909f56bfc062723c751e8b465ee728b)  -> (artifact id: 'eb52c6b4da863c0ace20f4d0b68ce026') in 0.013148 seconds 
  Import took 0.016896 seconds .

========================================================================
Received Import Request.
  Time since last request: 0.000282 seconds.
  path: Assets/Wizard/Environment/Effects/particle_exp_tick_01.png
  artifactKey: Guid(897b2acd36883644693e47511569c584) Importer(815301076,1909f56bfc062723c751e8b465ee728b)
Start importing Assets/Wizard/Environment/Effects/particle_exp_tick_01.png using Guid(897b2acd36883644693e47511569c584) Importer(815301076,1909f56bfc062723c751e8b465ee728b)  -> (artifact id: '23a73f098865f0eaf07fb1f44726f720') in 0.010998 seconds 
  Import took 0.014972 seconds .

========================================================================
Received Import Request.
  Time since last request: 0.000315 seconds.
  path: Assets/Goblins,Trolls and Hobgoblins/Environment/EffectMat/particle_trail.png
  artifactKey: Guid(d8dfb4881bbbcfb4a8052f7ff2c4e44b) Importer(815301076,1909f56bfc062723c751e8b465ee728b)
Start importing Assets/Goblins,Trolls and Hobgoblins/Environment/EffectMat/particle_trail.png using Guid(d8dfb4881bbbcfb4a8052f7ff2c4e44b) Importer(815301076,1909f56bfc062723c751e8b465ee728b)  -> (artifact id: 'be70d99be0d3790e463996beb2b1a2e5') in 0.013023 seconds 
  Import took 0.018378 seconds .

========================================================================
Received Import Request.
  Time since last request: 0.000302 seconds.
  path: Assets/Wizard/Environment/Effects/particle_glow.png
  artifactKey: Guid(a75644174c0343d4abf18ebd52ece6cb) Importer(815301076,1909f56bfc062723c751e8b465ee728b)
Start importing Assets/Wizard/Environment/Effects/particle_glow.png using Guid(a75644174c0343d4abf18ebd52ece6cb) Importer(815301076,1909f56bfc062723c751e8b465ee728b)  -> (artifact id: '9a2fa9517e1a0e3aad494778884c18c6') in 0.008787 seconds 
  Import took 0.012592 seconds .

========================================================================
Received Import Request.
  Time since last request: 0.000340 seconds.
  path: Assets/Wizard/Environment/Effects/particle_blood_01.png
  artifactKey: Guid(967ed864c1d4fe8418bf87cf7bbab064) Importer(815301076,1909f56bfc062723c751e8b465ee728b)
Start importing Assets/Wizard/Environment/Effects/particle_blood_01.png using Guid(967ed864c1d4fe8418bf87cf7bbab064) Importer(815301076,1909f56bfc062723c751e8b465ee728b)  -> (artifact id: 'd3deeed868add6b3f14e72920edae61c') in 0.013870 seconds 
  Import took 0.018499 seconds .

========================================================================
Received Import Request.
  Time since last request: 0.000410 seconds.
  path: Assets/Environment/Textures/metal_plate_rough_1k.jpg
  artifactKey: Guid(9c903c185f5b18d468c3cf8d8ee5e747) Importer(815301076,1909f56bfc062723c751e8b465ee728b)
Start importing Assets/Environment/Textures/metal_plate_rough_1k.jpg using Guid(9c903c185f5b18d468c3cf8d8ee5e747) Importer(815301076,1909f56bfc062723c751e8b465ee728b)  -> (artifact id: 'b390ed803daad5e0df3124fb5ff69d42') in 0.014793 seconds 
  Import took 0.018651 seconds .

========================================================================
Received Import Request.
  Time since last request: 0.000386 seconds.
  path: Assets/Wizard/Environment/Effects/particle_smog_02.png
  artifactKey: Guid(ef88b76859706fe4cbb9f344f8796721) Importer(815301076,1909f56bfc062723c751e8b465ee728b)
Start importing Assets/Wizard/Environment/Effects/particle_smog_02.png using Guid(ef88b76859706fe4cbb9f344f8796721) Importer(815301076,1909f56bfc062723c751e8b465ee728b)  -> (artifact id: '32d3ff747105517d0d2ba576d501904d') in 0.012044 seconds 
  Import took 0.016153 seconds .

========================================================================
Received Import Request.
  Time since last request: 0.000269 seconds.
  path: Assets/Wizard/Environment/Effects/particle_blood_03.png
  artifactKey: Guid(176e35cb1218ec8438400d59c5b4d874) Importer(815301076,1909f56bfc062723c751e8b465ee728b)
Start importing Assets/Wizard/Environment/Effects/particle_blood_03.png using Guid(176e35cb1218ec8438400d59c5b4d874) Importer(815301076,1909f56bfc062723c751e8b465ee728b)  -> (artifact id: '37c5b7f18423a70fac99a474c8bf3ccf') in 0.013534 seconds 
  Import took 0.017331 seconds .

========================================================================
Received Import Request.
  Time since last request: 0.219768 seconds.
  path: Assets/Environment/Textures/roof_07_diff_1k.jpg
  artifactKey: Guid(a2d61ce7ad589f04a927a78140f7cdb1) Importer(815301076,1909f56bfc062723c751e8b465ee728b)
Start importing Assets/Environment/Textures/roof_07_diff_1k.jpg using Guid(a2d61ce7ad589f04a927a78140f7cdb1) Importer(815301076,1909f56bfc062723c751e8b465ee728b)  -> (artifact id: '10fd75a8d2fe48d6ff3322aa598f783e') in 0.013326 seconds 
  Import took 0.018098 seconds .

========================================================================
Received Import Request.
  Time since last request: 0.000263 seconds.
  path: Assets/Environment/Textures/roof_07_disp_1k.png
  artifactKey: Guid(2777e4807bf480b4b92b1c4542bd68eb) Importer(815301076,1909f56bfc062723c751e8b465ee728b)
Start importing Assets/Environment/Textures/roof_07_disp_1k.png using Guid(2777e4807bf480b4b92b1c4542bd68eb) Importer(815301076,1909f56bfc062723c751e8b465ee728b)  -> (artifact id: 'd92e06fbe8ad9cf293641705688be4a0') in 0.013328 seconds 
  Import took 0.020025 seconds .

========================================================================
Received Import Request.
  Time since last request: 0.000418 seconds.
  path: Assets/Goblins,Trolls and Hobgoblins/Textures/troll_addon_head_01_nor.png
  artifactKey: Guid(cd40ff993547bee46aa13b838e677b62) Importer(815301076,1909f56bfc062723c751e8b465ee728b)
Start importing Assets/Goblins,Trolls and Hobgoblins/Textures/troll_addon_head_01_nor.png using Guid(cd40ff993547bee46aa13b838e677b62) Importer(815301076,1909f56bfc062723c751e8b465ee728b)  -> (artifact id: '4fb397aea3be95c89798fcb29514c1f3') in 0.012427 seconds 
  Import took 0.017448 seconds .

========================================================================
Received Import Request.
  Time since last request: 0.000076 seconds.
  path: Assets/Environment/Textures/roof_07_rough_1k.jpg
  artifactKey: Guid(d123fbff84d7db24095ee4aa4a707336) Importer(815301076,1909f56bfc062723c751e8b465ee728b)
Start importing Assets/Environment/Textures/roof_07_rough_1k.jpg using Guid(d123fbff84d7db24095ee4aa4a707336) Importer(815301076,1909f56bfc062723c751e8b465ee728b)  -> (artifact id: 'e173f4c9aa69e0036c3dfa4c8638936a') in 0.013991 seconds 
  Import took 0.018898 seconds .

========================================================================
Received Import Request.
  Time since last request: 0.000501 seconds.
  path: Assets/Goblins,Trolls and Hobgoblins/Textures/troll_addon_UpperArm_01_nor.png
  artifactKey: Guid(4e397ea97d07fb347ad8b3fdc7e0ae62) Importer(815301076,1909f56bfc062723c751e8b465ee728b)
Start importing Assets/Goblins,Trolls and Hobgoblins/Textures/troll_addon_UpperArm_01_nor.png using Guid(4e397ea97d07fb347ad8b3fdc7e0ae62) Importer(815301076,1909f56bfc062723c751e8b465ee728b)  -> (artifact id: '85b543e03b88006ce9927f2163641dcc') in 0.013396 seconds 
  Import took 0.018242 seconds .

========================================================================
Received Import Request.
  Time since last request: 0.000446 seconds.
  path: Assets/Goblins,Trolls and Hobgoblins/Textures/troll_body_01_nor.png
  artifactKey: Guid(98eb4aafe11e9c840bdb69d4e0d0c123) Importer(815301076,1909f56bfc062723c751e8b465ee728b)
Start importing Assets/Goblins,Trolls and Hobgoblins/Textures/troll_body_01_nor.png using Guid(98eb4aafe11e9c840bdb69d4e0d0c123) Importer(815301076,1909f56bfc062723c751e8b465ee728b)  -> (artifact id: '2f1aa0303153c589540f69ccc464cdda') in 0.016048 seconds 
  Import took 0.021516 seconds .

========================================================================
Received Import Request.
  Time since last request: 0.000391 seconds.
  path: Assets/Goblins,Trolls and Hobgoblins/Textures/troll_weapon_03_nor.png
  artifactKey: Guid(87728e8644c9c054abfedcc6eb7a1a3d) Importer(815301076,1909f56bfc062723c751e8b465ee728b)
Start importing Assets/Goblins,Trolls and Hobgoblins/Textures/troll_weapon_03_nor.png using Guid(87728e8644c9c054abfedcc6eb7a1a3d) Importer(815301076,1909f56bfc062723c751e8b465ee728b)  -> (artifact id: '51ff0523253bc3798f2764377643eadd') in 0.028740 seconds 
  Import took 0.034776 seconds .

========================================================================
Received Import Request.
  Time since last request: 0.000314 seconds.
  path: Assets/Environment/Textures/roof_07_nor_gl_1k.jpg
  artifactKey: Guid(5375694888289344dbc082af50c37561) Importer(815301076,1909f56bfc062723c751e8b465ee728b)
Start importing Assets/Environment/Textures/roof_07_nor_gl_1k.jpg using Guid(5375694888289344dbc082af50c37561) Importer(815301076,1909f56bfc062723c751e8b465ee728b)  -> (artifact id: 'e12f762745bbc532d4469ab1a8bb9073') in 0.017491 seconds 
  Import took 0.022294 seconds .

========================================================================
Received Import Request.
  Time since last request: 0.000393 seconds.
  path: Assets/Goblins,Trolls and Hobgoblins/Textures/troll_weapon_03_diff.png
  artifactKey: Guid(f613e3c1fe3ed7242a6232a1f0922fbe) Importer(815301076,1909f56bfc062723c751e8b465ee728b)
Start importing Assets/Goblins,Trolls and Hobgoblins/Textures/troll_weapon_03_diff.png using Guid(f613e3c1fe3ed7242a6232a1f0922fbe) Importer(815301076,1909f56bfc062723c751e8b465ee728b)  -> (artifact id: 'd9742df02788923fe484201880b472ad') in 0.014855 seconds 
  Import took 0.018514 seconds .

========================================================================
Received Import Request.
  Time since last request: 0.000280 seconds.
  path: Assets/Goblins,Trolls and Hobgoblins/Textures/troll_body_02_diff.png
  artifactKey: Guid(930fa337cfc5cd748aa8880061e5dc35) Importer(815301076,1909f56bfc062723c751e8b465ee728b)
Start importing Assets/Goblins,Trolls and Hobgoblins/Textures/troll_body_02_diff.png using Guid(930fa337cfc5cd748aa8880061e5dc35) Importer(815301076,1909f56bfc062723c751e8b465ee728b)  -> (artifact id: '848d44893dd67aa805244234d3f46a01') in 0.013128 seconds 
  Import took 0.017824 seconds .

========================================================================
Received Import Request.
  Time since last request: 0.000278 seconds.
  path: Assets/Goblins,Trolls and Hobgoblins/Textures/troll_addon_UpperArm_01_diff.png
  artifactKey: Guid(7bd28060016635a4b9d7ffb9bb9bd7a3) Importer(815301076,1909f56bfc062723c751e8b465ee728b)
Start importing Assets/Goblins,Trolls and Hobgoblins/Textures/troll_addon_UpperArm_01_diff.png using Guid(7bd28060016635a4b9d7ffb9bb9bd7a3) Importer(815301076,1909f56bfc062723c751e8b465ee728b)  -> (artifact id: '5a97bcf3b24a534a5bfda9c25a7b1cf9') in 0.016824 seconds 
  Import took 0.020132 seconds .

========================================================================
Received Import Request.
  Time since last request: 0.000223 seconds.
  path: Assets/Goblins,Trolls and Hobgoblins/Textures/troll_addon_head_01_diff.png
  artifactKey: Guid(8ab89470a99f9624cbd7ea65bd2f9a23) Importer(815301076,1909f56bfc062723c751e8b465ee728b)
Start importing Assets/Goblins,Trolls and Hobgoblins/Textures/troll_addon_head_01_diff.png using Guid(8ab89470a99f9624cbd7ea65bd2f9a23) Importer(815301076,1909f56bfc062723c751e8b465ee728b)  -> (artifact id: '9942ff9a97793fac8b75913661748adc') in 0.027988 seconds 
  Import took 0.030828 seconds .

========================================================================
Received Import Request.
  Time since last request: 0.105210 seconds.
  path: Assets/Environment/untitled.png
  artifactKey: Guid(e060b097c5bf1b545926c9a2db80ce4e) Importer(815301076,1909f56bfc062723c751e8b465ee728b)
Start importing Assets/Environment/untitled.png using Guid(e060b097c5bf1b545926c9a2db80ce4e) Importer(815301076,1909f56bfc062723c751e8b465ee728b)  -> (artifact id: 'd1698e7e47819d1212cf23e0aad689ea') in 0.011699 seconds 
  Import took 0.018556 seconds .

========================================================================
Received Import Request.
  Time since last request: 0.000278 seconds.
  path: Assets/WhatsApp Image 2021-07-27 at 10.28.13 PM.jpeg
  artifactKey: Guid(d22389f39dbcc8a4ca080982a358e07b) Importer(815301076,1909f56bfc062723c751e8b465ee728b)
Start importing Assets/WhatsApp Image 2021-07-27 at 10.28.13 PM.jpeg using Guid(d22389f39dbcc8a4ca080982a358e07b) Importer(815301076,1909f56bfc062723c751e8b465ee728b)  -> (artifact id: '921d6ae183baa7a59a243fc72edfb776') in 0.013299 seconds 
  Import took 0.028653 seconds .

========================================================================
Received Import Request.
  Time since last request: 0.000266 seconds.
  path: Assets/Wizard/Textures/wizard_01_metalic DEMO.tga
  artifactKey: Guid(76e74558fd600f74eaf647d4c66f39cc) Importer(815301076,1909f56bfc062723c751e8b465ee728b)
Start importing Assets/Wizard/Textures/wizard_01_metalic DEMO.tga using Guid(76e74558fd600f74eaf647d4c66f39cc) Importer(815301076,1909f56bfc062723c751e8b465ee728b)  -> (artifact id: 'eeb949b7518bc82aaa9b5f720ffededc') in 0.101539 seconds 
  Import took 0.105560 seconds .

========================================================================
Received Import Request.
  Time since last request: 0.000281 seconds.
  path: Assets/Wizard/Textures/wizard_addon_01_metalic.tga
  artifactKey: Guid(dcc86a764a88dc842b5b8329538e73ba) Importer(815301076,1909f56bfc062723c751e8b465ee728b)
Start importing Assets/Wizard/Textures/wizard_addon_01_metalic.tga using Guid(dcc86a764a88dc842b5b8329538e73ba) Importer(815301076,1909f56bfc062723c751e8b465ee728b)  -> (artifact id: 'dba36d094dbfbc85f7cfb1ebb9af0d24') in 0.019260 seconds 
  Import took 0.022949 seconds .

========================================================================
Received Import Request.
  Time since last request: 0.000431 seconds.
  path: Assets/Wizard/Textures/wizard_weapon_01_ao.png
  artifactKey: Guid(fc03c3180e1ae7c46b2d72bbbc2e09d9) Importer(815301076,1909f56bfc062723c751e8b465ee728b)
Start importing Assets/Wizard/Textures/wizard_weapon_01_ao.png using Guid(fc03c3180e1ae7c46b2d72bbbc2e09d9) Importer(815301076,1909f56bfc062723c751e8b465ee728b)  -> (artifact id: '187e8196cb168005bab0a0aeb6327314') in 0.017595 seconds 
  Import took 0.021972 seconds .

========================================================================
Received Import Request.
  Time since last request: 0.000315 seconds.
  path: Assets/Wizard/Textures/wizard_01_nor DEMO.png
  artifactKey: Guid(fc84185a85f047c4c9999bd705434de3) Importer(815301076,1909f56bfc062723c751e8b465ee728b)
Start importing Assets/Wizard/Textures/wizard_01_nor DEMO.png using Guid(fc84185a85f047c4c9999bd705434de3) Importer(815301076,1909f56bfc062723c751e8b465ee728b)  -> (artifact id: '8f5bc2733a6b0ec2b0ebcb0e1b63c9b7') in 0.081588 seconds 
  Import took 0.087042 seconds .

========================================================================
Received Import Request.
  Time since last request: 0.000329 seconds.
  path: Assets/Wizard/Textures/wizard_addon_01_ao.png
  artifactKey: Guid(8677e820413ff1f488f8ca934c78dd33) Importer(815301076,1909f56bfc062723c751e8b465ee728b)
Start importing Assets/Wizard/Textures/wizard_addon_01_ao.png using Guid(8677e820413ff1f488f8ca934c78dd33) Importer(815301076,1909f56bfc062723c751e8b465ee728b)  -> (artifact id: '5223de5997d4c175925f21db008af385') in 0.015839 seconds 
  Import took 0.020822 seconds .

========================================================================
Received Import Request.
  Time since last request: 0.000318 seconds.
  path: Assets/Wizard/Textures/wizard_addon_01_albedo.png
  artifactKey: Guid(2368ad4de3a65f348affe8f505647589) Importer(815301076,1909f56bfc062723c751e8b465ee728b)
Start importing Assets/Wizard/Textures/wizard_addon_01_albedo.png using Guid(2368ad4de3a65f348affe8f505647589) Importer(815301076,1909f56bfc062723c751e8b465ee728b)  -> (artifact id: '2550da198d5b185a34e42b8032c32029') in 0.043520 seconds 
  Import took 0.049058 seconds .

========================================================================
Received Import Request.
  Time since last request: 0.000726 seconds.
  path: Assets/Wizard/Textures/wizard_01_albedo DEMO.png
  artifactKey: Guid(2c88af1909b060b4f9d0587d34b784d5) Importer(815301076,1909f56bfc062723c751e8b465ee728b)
Start importing Assets/Wizard/Textures/wizard_01_albedo DEMO.png using Guid(2c88af1909b060b4f9d0587d34b784d5) Importer(815301076,1909f56bfc062723c751e8b465ee728b)  -> (artifact id: 'fcf738eb7f11b751bdab714ad6a5bee9') in 0.060723 seconds 
  Import took 0.066400 seconds .

========================================================================
Received Import Request.
  Time since last request: 0.000284 seconds.
  path: Assets/Goblins,Trolls and Hobgoblins/Textures/wolf_02_diff.png
  artifactKey: Guid(1fd5c7a653ba0c84c9aebc65064e6ebb) Importer(815301076,1909f56bfc062723c751e8b465ee728b)
Start importing Assets/Goblins,Trolls and Hobgoblins/Textures/wolf_02_diff.png using Guid(1fd5c7a653ba0c84c9aebc65064e6ebb) Importer(815301076,1909f56bfc062723c751e8b465ee728b)  -> (artifact id: '1eecbecf01b43f19d4ef630c25721fc1') in 0.015309 seconds 
  Import took 0.020186 seconds .

========================================================================
Received Import Request.
  Time since last request: 0.000385 seconds.
  path: Assets/Wizard/Textures/wizard_weapon_01_metalic.tga
  artifactKey: Guid(07bf092b1865802458fd33813a4b128b) Importer(815301076,1909f56bfc062723c751e8b465ee728b)
Start importing Assets/Wizard/Textures/wizard_weapon_01_metalic.tga using Guid(07bf092b1865802458fd33813a4b128b) Importer(815301076,1909f56bfc062723c751e8b465ee728b)  -> (artifact id: 'a07e537145a683e3d1c26b47e7aebd2e') in 0.021923 seconds 
  Import took 0.025355 seconds .

========================================================================
Received Import Request.
  Time since last request: 0.000321 seconds.
  path: Assets/Wizard/Textures/wizard_weapon_01_nor DEMO.png
  artifactKey: Guid(a4889e6fb0a6c8e4fb1d2c0570464445) Importer(815301076,1909f56bfc062723c751e8b465ee728b)
Start importing Assets/Wizard/Textures/wizard_weapon_01_nor DEMO.png using Guid(a4889e6fb0a6c8e4fb1d2c0570464445) Importer(815301076,1909f56bfc062723c751e8b465ee728b)  -> (artifact id: 'fc2583a3ee55a0a44e03def9565de82c') in 0.058718 seconds 
  Import took 0.064665 seconds .

========================================================================
Received Import Request.
  Time since last request: 0.000417 seconds.
  path: Assets/Goblins,Trolls and Hobgoblins/Textures/wolf_01_nor.png
  artifactKey: Guid(4be2b6b64e55c75469c632475750bc6a) Importer(815301076,1909f56bfc062723c751e8b465ee728b)
Start importing Assets/Goblins,Trolls and Hobgoblins/Textures/wolf_01_nor.png using Guid(4be2b6b64e55c75469c632475750bc6a) Importer(815301076,1909f56bfc062723c751e8b465ee728b)  -> (artifact id: 'bae17cfb9b8cd5f5f11dd8967e076815') in 0.015220 seconds 
  Import took 0.018830 seconds .

========================================================================
Received Import Request.
  Time since last request: 0.000237 seconds.
  path: Assets/Environment/untitled.png
  artifactKey: Guid(e060b097c5bf1b545926c9a2db80ce4e) Importer(815301076,1909f56bfc062723c751e8b465ee728b)
Start importing Assets/Environment/untitled.png using Guid(e060b097c5bf1b545926c9a2db80ce4e) Importer(815301076,1909f56bfc062723c751e8b465ee728b)  -> (artifact id: 'd1698e7e47819d1212cf23e0aad689ea') in 0.009587 seconds 
  Import took 0.012961 seconds .

========================================================================
Received Import Request.
  Time since last request: 0.000295 seconds.
  path: Assets/Wizard/Textures/wizard_01_ao DEMO.png
  artifactKey: Guid(2e6d39dacb9776149b50c39904930f2b) Importer(815301076,1909f56bfc062723c751e8b465ee728b)
Start importing Assets/Wizard/Textures/wizard_01_ao DEMO.png using Guid(2e6d39dacb9776149b50c39904930f2b) Importer(815301076,1909f56bfc062723c751e8b465ee728b)  -> (artifact id: '009ae9d62d27c0c47c7e5751f3ba5f71') in 0.015956 seconds 
  Import took 0.020371 seconds .

========================================================================
Received Import Request.
  Time since last request: 0.000322 seconds.
  path: Assets/Wizard/Textures/wizard_weapon_01_albedo.png
  artifactKey: Guid(bf3361ec02b03bc41a4a640764c11c21) Importer(815301076,1909f56bfc062723c751e8b465ee728b)
Start importing Assets/Wizard/Textures/wizard_weapon_01_albedo.png using Guid(bf3361ec02b03bc41a4a640764c11c21) Importer(815301076,1909f56bfc062723c751e8b465ee728b)  -> (artifact id: '201827c01c202324da88b326a48e66dd') in 0.108435 seconds 
  Import took 0.113857 seconds .

========================================================================
Received Import Request.
  Time since last request: 0.000271 seconds.
  path: Assets/Wizard/Textures/wizard_addon_01_nor DEMO.png
  artifactKey: Guid(fd969b155ab656a438806041e9c8baa4) Importer(815301076,1909f56bfc062723c751e8b465ee728b)
Start importing Assets/Wizard/Textures/wizard_addon_01_nor DEMO.png using Guid(fd969b155ab656a438806041e9c8baa4) Importer(815301076,1909f56bfc062723c751e8b465ee728b)  -> (artifact id: 'b9e327688733bf779cb378e11b352152') in 0.176868 seconds 
  Import took 0.182488 seconds .

========================================================================
Received Import Request.
  Time since last request: 16.055627 seconds.
  path: Assets/1.png
  artifactKey: Guid(3cb766ca77f3e794a8326482fa873d29) Importer(815301076,1909f56bfc062723c751e8b465ee728b)
Start importing Assets/1.png using Guid(3cb766ca77f3e794a8326482fa873d29) Importer(815301076,1909f56bfc062723c751e8b465ee728b)  -> (artifact id: '3fa628156c088c15c033c57fecc4922a') in 0.010389 seconds 
  Import took 0.013548 seconds .

========================================================================
Received Prepare
Registering precompiled user dll's ...
Registered in 0.017038 seconds.
Begin MonoManager ReloadAssembly
Native extension for WindowsStandalone target not found
Refreshing native plugins compatible for Editor in 0.93 ms, found 2 plugins.
Preloading 0 native plugins for Editor in 0.00 ms.
Mono: successfully reloaded assembly
- Completed reload, in 35.598 seconds
Domain Reload Profiling:
	ReloadAssembly (36011ms)
		BeginReloadAssembly (28623ms)
			ExecutionOrderSort (0ms)
			DisableScriptedObjects (3864ms)
			BackupInstance (0ms)
			ReleaseScriptingObjects (0ms)
			CreateAndSetChildDomain (19348ms)
		EndReloadAssembly (6187ms)
			LoadAssemblies (2563ms)
			RebuildTransferFunctionScriptingTraits (45ms)
			SetupTypeCache (2201ms)
			ReleaseScriptCaches (35ms)
			RebuildScriptCaches (131ms)
			SetupLoadedEditorAssemblies (1823ms)
				LogAssemblyErrors (0ms)
				InitializePlatformSupportModulesInManaged (113ms)
				SetLoadedEditorAssemblies (1ms)
				RefreshPlugins (1ms)
				BeforeProcessingInitializeOnLoad (372ms)
				ProcessInitializeOnLoadAttributes (1324ms)
				ProcessInitializeOnLoadMethodAttributes (8ms)
				AfterProcessingInitializeOnLoad (4ms)
				EditorAssembliesLoaded (1ms)
			ExecutionOrderSort2 (0ms)
			AwakeInstancesAfterBackupRestoration (11ms)
Platform modules already initialized, skipping
Refreshing native plugins compatible for Editor in 0.85 ms, found 2 plugins.
Preloading 0 native plugins for Editor in 0.00 ms.
Unloading 1567 Unused Serialized files (Serialized files now loaded: 0)
System memory in use before: 78.5 MB.
System memory in use after: 78.6 MB.

Unloading 15 unused Assets to reduce memory usage. Loaded Objects now: 2041.
Total: 16.995100 ms (FindLiveObjects: 0.225300 ms CreateObjectMapping: 0.074400 ms MarkObjects: 16.544700 ms  DeleteObjects: 0.148100 ms)

AssetImportParameters requested are different than current active one (requested -> active):
  custom:framework-win-MediaFoundation: 216162199b28c13a410421893ffa2e32 -> 
  custom:video-decoder-ogg-theora: a1e56fd34408186e4bbccfd4996cb3dc -> 
  custom:container-muxer-webm: aa71ff27fc2769a1b78a27578f13a17b -> 
  custom:container-demuxer-webm: 4f35f7cbe854078d1ac9338744f61a02 -> 
  custom:container-demuxer-ogg: 62fdf1f143b41e24485cea50d1cbac27 -> 
  custom:video-encoder-webm-vp8: eb34c28f22e8b96e1ab97ce403110664 -> 
  custom:video-codec-MediaFoundation-h265: 746d11721c4dcdbdad8f713fa42b33f4 -> 
  custom:video-decoder-webm-vp8: 9c59270c3fd7afecdb556c50c9e8de78 -> 
  custom:audio-decoder-ogg-vorbis: bf7c407c2cedff20999df2af8eb42d56 -> 
  custom:audio-encoder-webm-vorbis: bf7c407c2cedff20999df2af8eb42d56 -> 
