Using pre-set license
Built from '2020.3/staging' branch; Version is '2020.3.13f1 (71691879b7f5) revision 7432472'; Using compiler version '192528614'; Build Type 'Release'
OS: 'Windows 10 Home Single Language; OS build 19043.1110; Version 2009; 64bit' Language: 'en' Physical Memory: 16281 MB
BatchMode: 1, IsHumanControllingUs: 0, StartBugReporterOnCrash: 0, Is64bit: 1, IsPro: 0

 COMMAND LINE ARGUMENTS:
C:\Program Files\Unity\Hub\Editor\2020.3.13f1\Editor\Unity.exe
-adb2
-batchMode
-noUpm
-name
AssetImportWorker0
-projectPath
E:/Sahil Repo/The-Lost-Prince
-logFile
Logs/AssetImportWorker0.log
-srvPort
50879
Successfully changed project path to: E:/Sahil Repo/The-Lost-Prince
E:/Sahil Repo/The-Lost-Prince
Using Asset Import Pipeline V2.
Refreshing native plugins compatible for Editor in 38.80 ms, found 2 plugins.
Preloading 0 native plugins for Editor in 0.00 ms.
Initialize engine version: 2020.3.13f1 (71691879b7f5)
[Subsystems] Discovering subsystems at path C:/Program Files/Unity/Hub/Editor/2020.3.13f1/Editor/Data/Resources/UnitySubsystems
[Subsystems] Discovering subsystems at path E:/Sahil Repo/The-Lost-Prince/Assets
GfxDevice: creating device client; threaded=0
Direct3D:
    Version:  Direct3D 11.0 [level 11.1]
    Renderer: AMD Radeon R7 M460 (ID=0x6900)
    Vendor:   
    VRAM:     2038 MB
    Driver:   27.20.1034.6
Initialize mono
Mono path[0] = 'C:/Program Files/Unity/Hub/Editor/2020.3.13f1/Editor/Data/Managed'
Mono path[1] = 'C:/Program Files/Unity/Hub/Editor/2020.3.13f1/Editor/Data/MonoBleedingEdge/lib/mono/unityjit'
Mono config path = 'C:/Program Files/Unity/Hub/Editor/2020.3.13f1/Editor/Data/MonoBleedingEdge/etc'
Using monoOptions --debugger-agent=transport=dt_socket,embedding=1,server=y,suspend=n,address=127.0.0.1:56668
Begin MonoManager ReloadAssembly
Registering precompiled unity dll's ...
Register platform support module: C:/Program Files/Unity/Hub/Editor/2020.3.13f1/Editor/Data/PlaybackEngines/WindowsStandaloneSupport/UnityEditor.WindowsStandalone.Extensions.dll
Registered in 0.002698 seconds.
Native extension for WindowsStandalone target not found
Refreshing native plugins compatible for Editor in 36.72 ms, found 2 plugins.
Preloading 0 native plugins for Editor in 0.00 ms.
Mono: successfully reloaded assembly
- Completed reload, in  1.267 seconds
Platform modules already initialized, skipping
Registering precompiled user dll's ...
Registered in 0.003590 seconds.
Begin MonoManager ReloadAssembly
Native extension for WindowsStandalone target not found
Refreshing native plugins compatible for Editor in 0.37 ms, found 2 plugins.
Preloading 0 native plugins for Editor in 0.00 ms.
Mono: successfully reloaded assembly
- Completed reload, in  1.191 seconds
Platform modules already initialized, skipping
========================================================================
Worker process is ready to serve import requests
Launched and connected shader compiler UnityShaderCompiler.exe after 0.05 seconds
Refreshing native plugins compatible for Editor in 0.44 ms, found 2 plugins.
Preloading 0 native plugins for Editor in 0.00 ms.
Unloading 1571 Unused Serialized files (Serialized files now loaded: 0)
System memory in use before: 74.2 MB.
System memory in use after: 74.3 MB.

Unloading 20 unused Assets to reduce memory usage. Loaded Objects now: 2011.
Total: 2.334400 ms (FindLiveObjects: 0.168500 ms CreateObjectMapping: 0.061100 ms MarkObjects: 2.022000 ms  DeleteObjects: 0.081700 ms)

AssetImportParameters requested are different than current active one (requested -> active):
  custom:framework-win-MediaFoundation: 216162199b28c13a410421893ffa2e32 -> 
  custom:video-decoder-ogg-theora: a1e56fd34408186e4bbccfd4996cb3dc -> 
  custom:container-muxer-webm: aa71ff27fc2769a1b78a27578f13a17b -> 
  custom:container-demuxer-webm: 4f35f7cbe854078d1ac9338744f61a02 -> 
  custom:container-demuxer-ogg: 62fdf1f143b41e24485cea50d1cbac27 -> 
  custom:video-encoder-webm-vp8: eb34c28f22e8b96e1ab97ce403110664 -> 
  custom:video-decoder-webm-vp8: 9c59270c3fd7afecdb556c50c9e8de78 -> 
  custom:audio-decoder-ogg-vorbis: bf7c407c2cedff20999df2af8eb42d56 -> 
  custom:audio-encoder-webm-vorbis: bf7c407c2cedff20999df2af8eb42d56 -> 
========================================================================
Received Import Request.
  path: Assets/Sound Effects/general music.mp3
  artifactKey: Guid(3a44a8808b4cd474b97ca9ed4a8cbf42) Importer(815301076,1909f56bfc062723c751e8b465ee728b)
Start importing Assets/Sound Effects/general music.mp3 using Guid(3a44a8808b4cd474b97ca9ed4a8cbf42) Importer(815301076,1909f56bfc062723c751e8b465ee728b)  -> (artifact id: '10cc78458a483863ccc824fed113e0fc') in 0.119888 seconds 
  Import took 0.122685 seconds .

========================================================================
Received Import Request.
  Time since last request: 0.004755 seconds.
  path: Assets/Sound Effects/general music.mp3
  artifactKey: Guid(3a44a8808b4cd474b97ca9ed4a8cbf42) Importer(815301076,1909f56bfc062723c751e8b465ee728b)
Start importing Assets/Sound Effects/general music.mp3 using Guid(3a44a8808b4cd474b97ca9ed4a8cbf42) Importer(815301076,1909f56bfc062723c751e8b465ee728b)  -> (artifact id: '10cc78458a483863ccc824fed113e0fc') in 0.106369 seconds 
  Import took 0.109273 seconds .

========================================================================
Received Import Request.
  Time since last request: 25.690787 seconds.
  path: Assets/Scenes/MainMenu.unity
  artifactKey: Guid(1a3caa999201bbb43825062827164df6) Importer(815301076,1909f56bfc062723c751e8b465ee728b)
Start importing Assets/Scenes/MainMenu.unity using Guid(1a3caa999201bbb43825062827164df6) Importer(815301076,1909f56bfc062723c751e8b465ee728b)  -> (artifact id: '1ae16a411e77587f72681f5be53338a9') in 0.001880 seconds 
  Import took 0.004544 seconds .

========================================================================
Received Import Request.
  Time since last request: 68.676792 seconds.
  path: Assets/Scenes/SampleScene.unity
  artifactKey: Guid(9fc0d4010bbf28b4594072e72b8655ab) Importer(815301076,1909f56bfc062723c751e8b465ee728b)
Start importing Assets/Scenes/SampleScene.unity using Guid(9fc0d4010bbf28b4594072e72b8655ab) Importer(815301076,1909f56bfc062723c751e8b465ee728b)  -> (artifact id: '2ae0f362b1c1f167cc71459b0912c8af') in 0.001587 seconds 
  Import took 0.004384 seconds .

========================================================================
Received Prepare
Registering precompiled user dll's ...
Registered in 0.003595 seconds.
Begin MonoManager ReloadAssembly
Native extension for WindowsStandalone target not found
Refreshing native plugins compatible for Editor in 0.64 ms, found 2 plugins.
Preloading 0 native plugins for Editor in 0.00 ms.
Mono: successfully reloaded assembly
- Completed reload, in  1.105 seconds
Platform modules already initialized, skipping
Refreshing native plugins compatible for Editor in 0.62 ms, found 2 plugins.
Preloading 0 native plugins for Editor in 0.00 ms.
Unloading 1564 Unused Serialized files (Serialized files now loaded: 0)
System memory in use before: 77.2 MB.
System memory in use after: 77.2 MB.

Unloading 15 unused Assets to reduce memory usage. Loaded Objects now: 2022.
Total: 2.453600 ms (FindLiveObjects: 0.256900 ms CreateObjectMapping: 0.054400 ms MarkObjects: 2.090200 ms  DeleteObjects: 0.051000 ms)

AssetImportParameters requested are different than current active one (requested -> active):
  custom:framework-win-MediaFoundation: 216162199b28c13a410421893ffa2e32 -> 
  custom:video-decoder-ogg-theora: a1e56fd34408186e4bbccfd4996cb3dc -> 
  custom:container-muxer-webm: aa71ff27fc2769a1b78a27578f13a17b -> 
  custom:container-demuxer-webm: 4f35f7cbe854078d1ac9338744f61a02 -> 
  custom:container-demuxer-ogg: 62fdf1f143b41e24485cea50d1cbac27 -> 
  custom:video-encoder-webm-vp8: eb34c28f22e8b96e1ab97ce403110664 -> 
  custom:video-decoder-webm-vp8: 9c59270c3fd7afecdb556c50c9e8de78 -> 
  custom:audio-decoder-ogg-vorbis: bf7c407c2cedff20999df2af8eb42d56 -> 
  custom:audio-encoder-webm-vorbis: bf7c407c2cedff20999df2af8eb42d56 -> 
========================================================================
Received Import Request.
  Time since last request: 7.502817 seconds.
  path: Assets/Scenes/pauseScene.unity
  artifactKey: Guid(c89927df6f48bfb43a6cf4f5227b6135) Importer(815301076,1909f56bfc062723c751e8b465ee728b)
Start importing Assets/Scenes/pauseScene.unity using Guid(c89927df6f48bfb43a6cf4f5227b6135) Importer(815301076,1909f56bfc062723c751e8b465ee728b)  -> (artifact id: '279ff537197a512447448aedffa28f11') in 0.011667 seconds 
  Import took 0.014458 seconds .

========================================================================
Received Import Request.
  Time since last request: 0.369731 seconds.
  path: Assets/Scenes/MainMenu.unity
  artifactKey: Guid(1a3caa999201bbb43825062827164df6) Importer(815301076,1909f56bfc062723c751e8b465ee728b)
Start importing Assets/Scenes/MainMenu.unity using Guid(1a3caa999201bbb43825062827164df6) Importer(815301076,1909f56bfc062723c751e8b465ee728b)  -> (artifact id: '6e7b076629ff7346a92e245e8c3f477c') in 0.001678 seconds 
  Import took 0.004633 seconds .

========================================================================
Received Import Request.
  Time since last request: 0.000871 seconds.
  path: Assets/Scenes/MainMenu.unity
  artifactKey: Guid(1a3caa999201bbb43825062827164df6) Importer(815301076,1909f56bfc062723c751e8b465ee728b)
Start importing Assets/Scenes/MainMenu.unity using Guid(1a3caa999201bbb43825062827164df6) Importer(815301076,1909f56bfc062723c751e8b465ee728b)  -> (artifact id: '6e7b076629ff7346a92e245e8c3f477c') in 0.001582 seconds 
  Import took 0.004802 seconds .

========================================================================
Received Import Request.
  Time since last request: 0.387710 seconds.
  path: Assets/Scenes/gameOver.unity
  artifactKey: Guid(f08b9b4eca813d44bb71ba880b7623c6) Importer(815301076,1909f56bfc062723c751e8b465ee728b)
Start importing Assets/Scenes/gameOver.unity using Guid(f08b9b4eca813d44bb71ba880b7623c6) Importer(815301076,1909f56bfc062723c751e8b465ee728b)  -> (artifact id: 'a372edcbe494a81dca2095eec6c59022') in 0.001785 seconds 
  Import took 0.004601 seconds .

========================================================================
Received Import Request.
  Time since last request: 72.634532 seconds.
  path: Assets/Scripts/Controllers/ThirdPersonMovement.cs
  artifactKey: Guid(528b11bec92084d4fab8c0eda9173880) Importer(815301076,1909f56bfc062723c751e8b465ee728b)
Start importing Assets/Scripts/Controllers/ThirdPersonMovement.cs using Guid(528b11bec92084d4fab8c0eda9173880) Importer(815301076,1909f56bfc062723c751e8b465ee728b)  -> (artifact id: 'b933d07d1fc34b8052442359da596aa3') in 0.004880 seconds 
  Import took 0.008046 seconds .

========================================================================
Received Import Request.
  Time since last request: 0.000915 seconds.
  path: Assets/Scripts/Controllers/ThirdPersonMovement.cs
  artifactKey: Guid(528b11bec92084d4fab8c0eda9173880) Importer(815301076,1909f56bfc062723c751e8b465ee728b)
Start importing Assets/Scripts/Controllers/ThirdPersonMovement.cs using Guid(528b11bec92084d4fab8c0eda9173880) Importer(815301076,1909f56bfc062723c751e8b465ee728b)  -> (artifact id: 'b933d07d1fc34b8052442359da596aa3') in 0.001795 seconds 
  Import took 0.004698 seconds .

========================================================================
Received Prepare
Registering precompiled user dll's ...
Registered in 0.004078 seconds.
Begin MonoManager ReloadAssembly
Native extension for WindowsStandalone target not found
Refreshing native plugins compatible for Editor in 0.36 ms, found 2 plugins.
Preloading 0 native plugins for Editor in 0.00 ms.
Mono: successfully reloaded assembly
- Completed reload, in  1.044 seconds
Platform modules already initialized, skipping
Refreshing native plugins compatible for Editor in 0.40 ms, found 2 plugins.
Preloading 0 native plugins for Editor in 0.00 ms.
Unloading 1564 Unused Serialized files (Serialized files now loaded: 0)
System memory in use before: 77.2 MB.
System memory in use after: 77.3 MB.

Unloading 15 unused Assets to reduce memory usage. Loaded Objects now: 2024.
Total: 2.284000 ms (FindLiveObjects: 0.177900 ms CreateObjectMapping: 0.045500 ms MarkObjects: 2.004100 ms  DeleteObjects: 0.055700 ms)

AssetImportParameters requested are different than current active one (requested -> active):
  custom:framework-win-MediaFoundation: 216162199b28c13a410421893ffa2e32 -> 
  custom:video-decoder-ogg-theora: a1e56fd34408186e4bbccfd4996cb3dc -> 
  custom:container-muxer-webm: aa71ff27fc2769a1b78a27578f13a17b -> 
  custom:container-demuxer-webm: 4f35f7cbe854078d1ac9338744f61a02 -> 
  custom:container-demuxer-ogg: 62fdf1f143b41e24485cea50d1cbac27 -> 
  custom:video-encoder-webm-vp8: eb34c28f22e8b96e1ab97ce403110664 -> 
  custom:video-decoder-webm-vp8: 9c59270c3fd7afecdb556c50c9e8de78 -> 
  custom:audio-decoder-ogg-vorbis: bf7c407c2cedff20999df2af8eb42d56 -> 
  custom:audio-encoder-webm-vorbis: bf7c407c2cedff20999df2af8eb42d56 -> 
========================================================================
Received Import Request.
  Time since last request: 128.087031 seconds.
  path: Assets/Scripts/Controllers/ThirdPersonMovement.cs
  artifactKey: Guid(528b11bec92084d4fab8c0eda9173880) Importer(815301076,1909f56bfc062723c751e8b465ee728b)
Start importing Assets/Scripts/Controllers/ThirdPersonMovement.cs using Guid(528b11bec92084d4fab8c0eda9173880) Importer(815301076,1909f56bfc062723c751e8b465ee728b)  -> (artifact id: '9da1ba33c8b9350365fdd97fe85f5129') in 0.004143 seconds 
  Import took 0.006758 seconds .

========================================================================
Received Prepare
Registering precompiled user dll's ...
Registered in 0.003374 seconds.
Begin MonoManager ReloadAssembly
Native extension for WindowsStandalone target not found
Refreshing native plugins compatible for Editor in 0.40 ms, found 2 plugins.
Preloading 0 native plugins for Editor in 0.00 ms.
Mono: successfully reloaded assembly
- Completed reload, in  1.045 seconds
Platform modules already initialized, skipping
Refreshing native plugins compatible for Editor in 0.40 ms, found 2 plugins.
Preloading 0 native plugins for Editor in 0.00 ms.
Unloading 1564 Unused Serialized files (Serialized files now loaded: 0)
System memory in use before: 77.2 MB.
System memory in use after: 77.3 MB.

Unloading 15 unused Assets to reduce memory usage. Loaded Objects now: 2026.
Total: 2.081900 ms (FindLiveObjects: 0.159900 ms CreateObjectMapping: 0.048400 ms MarkObjects: 1.823900 ms  DeleteObjects: 0.048700 ms)

AssetImportParameters requested are different than current active one (requested -> active):
  custom:framework-win-MediaFoundation: 216162199b28c13a410421893ffa2e32 -> 
  custom:video-decoder-ogg-theora: a1e56fd34408186e4bbccfd4996cb3dc -> 
  custom:container-muxer-webm: aa71ff27fc2769a1b78a27578f13a17b -> 
  custom:container-demuxer-webm: 4f35f7cbe854078d1ac9338744f61a02 -> 
  custom:container-demuxer-ogg: 62fdf1f143b41e24485cea50d1cbac27 -> 
  custom:video-encoder-webm-vp8: eb34c28f22e8b96e1ab97ce403110664 -> 
  custom:video-decoder-webm-vp8: 9c59270c3fd7afecdb556c50c9e8de78 -> 
  custom:audio-decoder-ogg-vorbis: bf7c407c2cedff20999df2af8eb42d56 -> 
  custom:audio-encoder-webm-vorbis: bf7c407c2cedff20999df2af8eb42d56 -> 
========================================================================
Received Prepare
Registering precompiled user dll's ...
Registered in 0.003512 seconds.
Begin MonoManager ReloadAssembly
Native extension for WindowsStandalone target not found
Refreshing native plugins compatible for Editor in 0.36 ms, found 2 plugins.
Preloading 0 native plugins for Editor in 0.00 ms.
Mono: successfully reloaded assembly
- Completed reload, in  1.081 seconds
Platform modules already initialized, skipping
Refreshing native plugins compatible for Editor in 0.39 ms, found 2 plugins.
Preloading 0 native plugins for Editor in 0.00 ms.
Unloading 1564 Unused Serialized files (Serialized files now loaded: 0)
System memory in use before: 77.2 MB.
System memory in use after: 77.3 MB.

Unloading 15 unused Assets to reduce memory usage. Loaded Objects now: 2028.
Total: 2.143700 ms (FindLiveObjects: 0.154700 ms CreateObjectMapping: 0.055600 ms MarkObjects: 1.872900 ms  DeleteObjects: 0.059500 ms)

AssetImportParameters requested are different than current active one (requested -> active):
  custom:framework-win-MediaFoundation: 216162199b28c13a410421893ffa2e32 -> 
  custom:video-decoder-ogg-theora: a1e56fd34408186e4bbccfd4996cb3dc -> 
  custom:container-muxer-webm: aa71ff27fc2769a1b78a27578f13a17b -> 
  custom:container-demuxer-webm: 4f35f7cbe854078d1ac9338744f61a02 -> 
  custom:container-demuxer-ogg: 62fdf1f143b41e24485cea50d1cbac27 -> 
  custom:video-encoder-webm-vp8: eb34c28f22e8b96e1ab97ce403110664 -> 
  custom:video-decoder-webm-vp8: 9c59270c3fd7afecdb556c50c9e8de78 -> 
  custom:audio-decoder-ogg-vorbis: bf7c407c2cedff20999df2af8eb42d56 -> 
  custom:audio-encoder-webm-vorbis: bf7c407c2cedff20999df2af8eb42d56 -> 
========================================================================
Received Prepare
Registering precompiled user dll's ...
Registered in 0.004594 seconds.
Begin MonoManager ReloadAssembly
Native extension for WindowsStandalone target not found
Refreshing native plugins compatible for Editor in 0.42 ms, found 2 plugins.
Preloading 0 native plugins for Editor in 0.00 ms.
Mono: successfully reloaded assembly
- Completed reload, in  1.097 seconds
Platform modules already initialized, skipping
Refreshing native plugins compatible for Editor in 0.40 ms, found 2 plugins.
Preloading 0 native plugins for Editor in 0.00 ms.
Unloading 1564 Unused Serialized files (Serialized files now loaded: 0)
System memory in use before: 77.2 MB.
System memory in use after: 77.3 MB.

Unloading 15 unused Assets to reduce memory usage. Loaded Objects now: 2030.
Total: 2.179800 ms (FindLiveObjects: 0.172100 ms CreateObjectMapping: 0.058800 ms MarkObjects: 1.891700 ms  DeleteObjects: 0.056100 ms)

AssetImportParameters requested are different than current active one (requested -> active):
  custom:framework-win-MediaFoundation: 216162199b28c13a410421893ffa2e32 -> 
  custom:video-decoder-ogg-theora: a1e56fd34408186e4bbccfd4996cb3dc -> 
  custom:container-muxer-webm: aa71ff27fc2769a1b78a27578f13a17b -> 
  custom:container-demuxer-webm: 4f35f7cbe854078d1ac9338744f61a02 -> 
  custom:container-demuxer-ogg: 62fdf1f143b41e24485cea50d1cbac27 -> 
  custom:video-encoder-webm-vp8: eb34c28f22e8b96e1ab97ce403110664 -> 
  custom:video-decoder-webm-vp8: 9c59270c3fd7afecdb556c50c9e8de78 -> 
  custom:audio-decoder-ogg-vorbis: bf7c407c2cedff20999df2af8eb42d56 -> 
  custom:audio-encoder-webm-vorbis: bf7c407c2cedff20999df2af8eb42d56 -> 
========================================================================
Received Prepare
Registering precompiled user dll's ...
Registered in 0.003873 seconds.
Begin MonoManager ReloadAssembly
Native extension for WindowsStandalone target not found
Refreshing native plugins compatible for Editor in 0.42 ms, found 2 plugins.
Preloading 0 native plugins for Editor in 0.00 ms.
Mono: successfully reloaded assembly
- Completed reload, in  1.011 seconds
Platform modules already initialized, skipping
Refreshing native plugins compatible for Editor in 0.40 ms, found 2 plugins.
Preloading 0 native plugins for Editor in 0.00 ms.
Unloading 1564 Unused Serialized files (Serialized files now loaded: 0)
System memory in use before: 77.3 MB.
System memory in use after: 77.3 MB.

Unloading 15 unused Assets to reduce memory usage. Loaded Objects now: 2032.
Total: 2.181300 ms (FindLiveObjects: 0.185500 ms CreateObjectMapping: 0.053300 ms MarkObjects: 1.884900 ms  DeleteObjects: 0.056700 ms)

AssetImportParameters requested are different than current active one (requested -> active):
  custom:framework-win-MediaFoundation: 216162199b28c13a410421893ffa2e32 -> 
  custom:video-decoder-ogg-theora: a1e56fd34408186e4bbccfd4996cb3dc -> 
  custom:container-muxer-webm: aa71ff27fc2769a1b78a27578f13a17b -> 
  custom:container-demuxer-webm: 4f35f7cbe854078d1ac9338744f61a02 -> 
  custom:container-demuxer-ogg: 62fdf1f143b41e24485cea50d1cbac27 -> 
  custom:video-encoder-webm-vp8: eb34c28f22e8b96e1ab97ce403110664 -> 
  custom:video-decoder-webm-vp8: 9c59270c3fd7afecdb556c50c9e8de78 -> 
  custom:audio-decoder-ogg-vorbis: bf7c407c2cedff20999df2af8eb42d56 -> 
  custom:audio-encoder-webm-vorbis: bf7c407c2cedff20999df2af8eb42d56 -> 
========================================================================
Received Prepare
Registering precompiled user dll's ...
Registered in 0.004750 seconds.
Begin MonoManager ReloadAssembly
Native extension for WindowsStandalone target not found
Refreshing native plugins compatible for Editor in 0.37 ms, found 2 plugins.
Preloading 0 native plugins for Editor in 0.00 ms.
Mono: successfully reloaded assembly
- Completed reload, in  1.228 seconds
Platform modules already initialized, skipping
Refreshing native plugins compatible for Editor in 0.41 ms, found 2 plugins.
Preloading 0 native plugins for Editor in 0.00 ms.
Unloading 1564 Unused Serialized files (Serialized files now loaded: 0)
System memory in use before: 77.3 MB.
System memory in use after: 77.3 MB.

Unloading 15 unused Assets to reduce memory usage. Loaded Objects now: 2034.
Total: 2.466900 ms (FindLiveObjects: 0.192600 ms CreateObjectMapping: 0.059500 ms MarkObjects: 2.149300 ms  DeleteObjects: 0.064400 ms)

AssetImportParameters requested are different than current active one (requested -> active):
  custom:framework-win-MediaFoundation: 216162199b28c13a410421893ffa2e32 -> 
  custom:video-decoder-ogg-theora: a1e56fd34408186e4bbccfd4996cb3dc -> 
  custom:container-muxer-webm: aa71ff27fc2769a1b78a27578f13a17b -> 
  custom:container-demuxer-webm: 4f35f7cbe854078d1ac9338744f61a02 -> 
  custom:container-demuxer-ogg: 62fdf1f143b41e24485cea50d1cbac27 -> 
  custom:video-encoder-webm-vp8: eb34c28f22e8b96e1ab97ce403110664 -> 
  custom:video-decoder-webm-vp8: 9c59270c3fd7afecdb556c50c9e8de78 -> 
  custom:audio-decoder-ogg-vorbis: bf7c407c2cedff20999df2af8eb42d56 -> 
  custom:audio-encoder-webm-vorbis: bf7c407c2cedff20999df2af8eb42d56 -> 
========================================================================
Received Prepare
Registering precompiled user dll's ...
Registered in 0.004479 seconds.
Begin MonoManager ReloadAssembly
Native extension for WindowsStandalone target not found
Refreshing native plugins compatible for Editor in 0.42 ms, found 2 plugins.
Preloading 0 native plugins for Editor in 0.00 ms.
Mono: successfully reloaded assembly
- Completed reload, in  1.149 seconds
Platform modules already initialized, skipping
Refreshing native plugins compatible for Editor in 0.36 ms, found 2 plugins.
Preloading 0 native plugins for Editor in 0.00 ms.
Unloading 1564 Unused Serialized files (Serialized files now loaded: 0)
System memory in use before: 77.3 MB.
System memory in use after: 77.3 MB.

Unloading 15 unused Assets to reduce memory usage. Loaded Objects now: 2036.
Total: 2.501000 ms (FindLiveObjects: 0.152800 ms CreateObjectMapping: 0.050100 ms MarkObjects: 2.232400 ms  DeleteObjects: 0.064600 ms)

AssetImportParameters requested are different than current active one (requested -> active):
  custom:framework-win-MediaFoundation: 216162199b28c13a410421893ffa2e32 -> 
  custom:video-decoder-ogg-theora: a1e56fd34408186e4bbccfd4996cb3dc -> 
  custom:container-muxer-webm: aa71ff27fc2769a1b78a27578f13a17b -> 
  custom:container-demuxer-webm: 4f35f7cbe854078d1ac9338744f61a02 -> 
  custom:container-demuxer-ogg: 62fdf1f143b41e24485cea50d1cbac27 -> 
  custom:video-encoder-webm-vp8: eb34c28f22e8b96e1ab97ce403110664 -> 
  custom:video-decoder-webm-vp8: 9c59270c3fd7afecdb556c50c9e8de78 -> 
  custom:audio-decoder-ogg-vorbis: bf7c407c2cedff20999df2af8eb42d56 -> 
  custom:audio-encoder-webm-vorbis: bf7c407c2cedff20999df2af8eb42d56 -> 
========================================================================
Received Prepare
Registering precompiled user dll's ...
Registered in 0.003516 seconds.
Begin MonoManager ReloadAssembly
Native extension for WindowsStandalone target not found
Refreshing native plugins compatible for Editor in 0.42 ms, found 2 plugins.
Preloading 0 native plugins for Editor in 0.00 ms.
Mono: successfully reloaded assembly
- Completed reload, in  1.024 seconds
Platform modules already initialized, skipping
Refreshing native plugins compatible for Editor in 0.39 ms, found 2 plugins.
Preloading 0 native plugins for Editor in 0.00 ms.
Unloading 1564 Unused Serialized files (Serialized files now loaded: 0)
System memory in use before: 77.3 MB.
System memory in use after: 77.3 MB.

Unloading 15 unused Assets to reduce memory usage. Loaded Objects now: 2038.
Total: 2.416300 ms (FindLiveObjects: 0.181900 ms CreateObjectMapping: 0.048600 ms MarkObjects: 2.122600 ms  DeleteObjects: 0.062000 ms)

AssetImportParameters requested are different than current active one (requested -> active):
  custom:framework-win-MediaFoundation: 216162199b28c13a410421893ffa2e32 -> 
  custom:video-decoder-ogg-theora: a1e56fd34408186e4bbccfd4996cb3dc -> 
  custom:container-muxer-webm: aa71ff27fc2769a1b78a27578f13a17b -> 
  custom:container-demuxer-webm: 4f35f7cbe854078d1ac9338744f61a02 -> 
  custom:container-demuxer-ogg: 62fdf1f143b41e24485cea50d1cbac27 -> 
  custom:video-encoder-webm-vp8: eb34c28f22e8b96e1ab97ce403110664 -> 
  custom:video-decoder-webm-vp8: 9c59270c3fd7afecdb556c50c9e8de78 -> 
  custom:audio-decoder-ogg-vorbis: bf7c407c2cedff20999df2af8eb42d56 -> 
  custom:audio-encoder-webm-vorbis: bf7c407c2cedff20999df2af8eb42d56 -> 
========================================================================
Received Prepare
Registering precompiled user dll's ...
Registered in 0.003720 seconds.
Begin MonoManager ReloadAssembly
Native extension for WindowsStandalone target not found
Refreshing native plugins compatible for Editor in 0.41 ms, found 2 plugins.
Preloading 0 native plugins for Editor in 0.00 ms.
Mono: successfully reloaded assembly
- Completed reload, in  1.174 seconds
Platform modules already initialized, skipping
Refreshing native plugins compatible for Editor in 0.38 ms, found 2 plugins.
Preloading 0 native plugins for Editor in 0.00 ms.
Unloading 1573 Unused Serialized files (Serialized files now loaded: 0)
System memory in use before: 77.5 MB.
System memory in use after: 77.6 MB.

Unloading 15 unused Assets to reduce memory usage. Loaded Objects now: 2049.
Total: 2.089600 ms (FindLiveObjects: 0.158700 ms CreateObjectMapping: 0.055800 ms MarkObjects: 1.816200 ms  DeleteObjects: 0.057300 ms)

AssetImportParameters requested are different than current active one (requested -> active):
  custom:framework-win-MediaFoundation: 216162199b28c13a410421893ffa2e32 -> 
  custom:video-decoder-ogg-theora: a1e56fd34408186e4bbccfd4996cb3dc -> 
  custom:container-muxer-webm: aa71ff27fc2769a1b78a27578f13a17b -> 
  custom:container-demuxer-webm: 4f35f7cbe854078d1ac9338744f61a02 -> 
  custom:container-demuxer-ogg: 62fdf1f143b41e24485cea50d1cbac27 -> 
  custom:video-encoder-webm-vp8: eb34c28f22e8b96e1ab97ce403110664 -> 
  custom:video-decoder-webm-vp8: 9c59270c3fd7afecdb556c50c9e8de78 -> 
  custom:audio-decoder-ogg-vorbis: bf7c407c2cedff20999df2af8eb42d56 -> 
  custom:audio-encoder-webm-vorbis: bf7c407c2cedff20999df2af8eb42d56 -> 
========================================================================
Received Import Request.
  Time since last request: 913.220066 seconds.
  path: Assets/FREE Footsteps System/animations
  artifactKey: Guid(8c773659e23de61458643fe2a7015668) Importer(815301076,1909f56bfc062723c751e8b465ee728b)
Start importing Assets/FREE Footsteps System/animations using Guid(8c773659e23de61458643fe2a7015668) Importer(815301076,1909f56bfc062723c751e8b465ee728b)  -> (artifact id: 'f43f19a52fbe7ff56372be6e68567ea0') in 0.004734 seconds 
  Import took 0.007543 seconds .

========================================================================
Received Import Request.
  Time since last request: 0.004443 seconds.
  path: Assets/FREE Footsteps System/animations
  artifactKey: Guid(8c773659e23de61458643fe2a7015668) Importer(815301076,1909f56bfc062723c751e8b465ee728b)
Start importing Assets/FREE Footsteps System/animations using Guid(8c773659e23de61458643fe2a7015668) Importer(815301076,1909f56bfc062723c751e8b465ee728b)  -> (artifact id: 'f43f19a52fbe7ff56372be6e68567ea0') in 0.001526 seconds 
  Import took 0.004482 seconds .

========================================================================
Received Import Request.
  Time since last request: 0.907593 seconds.
  path: Assets/FREE Footsteps System/characters
  artifactKey: Guid(2f30e25b65bd70c4688586050c61188e) Importer(815301076,1909f56bfc062723c751e8b465ee728b)
Start importing Assets/FREE Footsteps System/characters using Guid(2f30e25b65bd70c4688586050c61188e) Importer(815301076,1909f56bfc062723c751e8b465ee728b)  -> (artifact id: '777dcbbab50b9475ea9f4086051b0837') in 0.002493 seconds 
  Import took 0.005629 seconds .

========================================================================
Received Import Request.
  Time since last request: 3.107907 seconds.
  path: Assets/FREE Footsteps System/characters/source
  artifactKey: Guid(e8dc33c52d851124c88f16e8e5ed1f92) Importer(815301076,1909f56bfc062723c751e8b465ee728b)
Start importing Assets/FREE Footsteps System/characters/source using Guid(e8dc33c52d851124c88f16e8e5ed1f92) Importer(815301076,1909f56bfc062723c751e8b465ee728b)  -> (artifact id: '3a5f64d1267ea148e14fa19acd987d0e') in 0.002520 seconds 
  Import took 0.005274 seconds .

========================================================================
Received Import Request.
  Time since last request: 5.993362 seconds.
  path: Assets/FREE Footsteps System/sounds
  artifactKey: Guid(ec723643ed562aa4bbbe90261afead06) Importer(815301076,1909f56bfc062723c751e8b465ee728b)
Start importing Assets/FREE Footsteps System/sounds using Guid(ec723643ed562aa4bbbe90261afead06) Importer(815301076,1909f56bfc062723c751e8b465ee728b)  -> (artifact id: '87e0aad4a49a8e9201062c8477cdf51f') in 0.002188 seconds 
  Import took 0.005113 seconds .

========================================================================
Received Import Request.
  Time since last request: 1.011264 seconds.
  path: Assets/FREE Footsteps System/sounds/footsteps
  artifactKey: Guid(3d98dac6e89d8e045ad941af0a9ea5bd) Importer(815301076,1909f56bfc062723c751e8b465ee728b)
Start importing Assets/FREE Footsteps System/sounds/footsteps using Guid(3d98dac6e89d8e045ad941af0a9ea5bd) Importer(815301076,1909f56bfc062723c751e8b465ee728b)  -> (artifact id: 'aeb6ec079ce00f4a4dcffeb089ee0495') in 0.002166 seconds 
  Import took 0.005277 seconds .

========================================================================
Received Import Request.
  Time since last request: 0.003684 seconds.
  path: Assets/FREE Footsteps System/sounds/footsteps
  artifactKey: Guid(3d98dac6e89d8e045ad941af0a9ea5bd) Importer(815301076,1909f56bfc062723c751e8b465ee728b)
Start importing Assets/FREE Footsteps System/sounds/footsteps using Guid(3d98dac6e89d8e045ad941af0a9ea5bd) Importer(815301076,1909f56bfc062723c751e8b465ee728b)  -> (artifact id: 'aeb6ec079ce00f4a4dcffeb089ee0495') in 0.001595 seconds 
  Import took 0.004935 seconds .

========================================================================
Received Import Request.
  Time since last request: 2.243038 seconds.
  path: Assets/FREE Footsteps System/sounds/footsteps/footstep_concrete_1.wav
  artifactKey: Guid(20d2d7095a3b13c43baf263091e3a359) Importer(815301076,1909f56bfc062723c751e8b465ee728b)
Start importing Assets/FREE Footsteps System/sounds/footsteps/footstep_concrete_1.wav using Guid(20d2d7095a3b13c43baf263091e3a359) Importer(815301076,1909f56bfc062723c751e8b465ee728b)  -> (artifact id: 'd1ef01fa5ec820d6d716307615f19a2d') in 0.045111 seconds 
  Import took 0.047892 seconds .

========================================================================
Received Import Request.
  Time since last request: 2.442022 seconds.
  path: Assets/FREE Footsteps System/sounds/footsteps/footstep_concrete_2.wav
  artifactKey: Guid(860f1173a910ecd45bc17ddefecfd75f) Importer(815301076,1909f56bfc062723c751e8b465ee728b)
Start importing Assets/FREE Footsteps System/sounds/footsteps/footstep_concrete_2.wav using Guid(860f1173a910ecd45bc17ddefecfd75f) Importer(815301076,1909f56bfc062723c751e8b465ee728b)  -> (artifact id: 'f7635b2a9eecd1502ceda708e0ab9aa6') in 0.021830 seconds 
  Import took 0.024850 seconds .

========================================================================
Received Import Request.
  Time since last request: 0.001052 seconds.
  path: Assets/FREE Footsteps System/sounds/footsteps/footstep_concrete_2.wav
  artifactKey: Guid(860f1173a910ecd45bc17ddefecfd75f) Importer(815301076,1909f56bfc062723c751e8b465ee728b)
Start importing Assets/FREE Footsteps System/sounds/footsteps/footstep_concrete_2.wav using Guid(860f1173a910ecd45bc17ddefecfd75f) Importer(815301076,1909f56bfc062723c751e8b465ee728b)  -> (artifact id: 'f7635b2a9eecd1502ceda708e0ab9aa6') in 0.008043 seconds 
  Import took 0.011098 seconds .

========================================================================
Received Import Request.
  Time since last request: 2.159395 seconds.
  path: Assets/FREE Footsteps System/sounds/footsteps/footstep_concrete_3.wav
  artifactKey: Guid(f3e564ab55b5ba24d824b7ca71950c73) Importer(815301076,1909f56bfc062723c751e8b465ee728b)
Start importing Assets/FREE Footsteps System/sounds/footsteps/footstep_concrete_3.wav using Guid(f3e564ab55b5ba24d824b7ca71950c73) Importer(815301076,1909f56bfc062723c751e8b465ee728b)  -> (artifact id: 'df59a16ffb16c5f01fddbc2754f5ab6f') in 0.011093 seconds 
  Import took 0.014095 seconds .

========================================================================
Received Import Request.
  Time since last request: 2.024984 seconds.
  path: Assets/FREE Footsteps System/sounds/footsteps/footstep_concrete_4.wav
  artifactKey: Guid(804ccf0daf6961c44be50e798ad6aec4) Importer(815301076,1909f56bfc062723c751e8b465ee728b)
Start importing Assets/FREE Footsteps System/sounds/footsteps/footstep_concrete_4.wav using Guid(804ccf0daf6961c44be50e798ad6aec4) Importer(815301076,1909f56bfc062723c751e8b465ee728b)  -> (artifact id: 'd1b2f9a9d381a14e768452fd93f85e37') in 0.015231 seconds 
  Import took 0.018081 seconds .

========================================================================
Received Import Request.
  Time since last request: 0.001547 seconds.
  path: Assets/FREE Footsteps System/sounds/footsteps/footstep_concrete_4.wav
  artifactKey: Guid(804ccf0daf6961c44be50e798ad6aec4) Importer(815301076,1909f56bfc062723c751e8b465ee728b)
Start importing Assets/FREE Footsteps System/sounds/footsteps/footstep_concrete_4.wav using Guid(804ccf0daf6961c44be50e798ad6aec4) Importer(815301076,1909f56bfc062723c751e8b465ee728b)  -> (artifact id: 'd1b2f9a9d381a14e768452fd93f85e37') in 0.006776 seconds 
  Import took 0.010097 seconds .

========================================================================
Received Import Request.
  Time since last request: 2.433380 seconds.
  path: Assets/FREE Footsteps System/sounds/footsteps/footstep_dirt_1.wav
  artifactKey: Guid(0056868aff218604e8b0c859b2f72e32) Importer(815301076,1909f56bfc062723c751e8b465ee728b)
Start importing Assets/FREE Footsteps System/sounds/footsteps/footstep_dirt_1.wav using Guid(0056868aff218604e8b0c859b2f72e32) Importer(815301076,1909f56bfc062723c751e8b465ee728b)  -> (artifact id: '89becdb0bb05a2340d6e2de1885e9725') in 0.015465 seconds 
  Import took 0.018180 seconds .

========================================================================
Received Import Request.
  Time since last request: 0.000914 seconds.
  path: Assets/FREE Footsteps System/sounds/footsteps/footstep_dirt_1.wav
  artifactKey: Guid(0056868aff218604e8b0c859b2f72e32) Importer(815301076,1909f56bfc062723c751e8b465ee728b)
Start importing Assets/FREE Footsteps System/sounds/footsteps/footstep_dirt_1.wav using Guid(0056868aff218604e8b0c859b2f72e32) Importer(815301076,1909f56bfc062723c751e8b465ee728b)  -> (artifact id: '89becdb0bb05a2340d6e2de1885e9725') in 0.007736 seconds 
  Import took 0.010531 seconds .

========================================================================
Received Import Request.
  Time since last request: 2.570222 seconds.
  path: Assets/FREE Footsteps System/sounds/footsteps/footstep_metal_1.wav
  artifactKey: Guid(22fd99ad9764748459c360765644b57e) Importer(815301076,1909f56bfc062723c751e8b465ee728b)
Start importing Assets/FREE Footsteps System/sounds/footsteps/footstep_metal_1.wav using Guid(22fd99ad9764748459c360765644b57e) Importer(815301076,1909f56bfc062723c751e8b465ee728b)  -> (artifact id: '0a65704d55656314c2864324977600a1') in 0.015044 seconds 
  Import took 0.018073 seconds .

========================================================================
Received Import Request.
  Time since last request: 0.000891 seconds.
  path: Assets/FREE Footsteps System/sounds/footsteps/footstep_metal_1.wav
  artifactKey: Guid(22fd99ad9764748459c360765644b57e) Importer(815301076,1909f56bfc062723c751e8b465ee728b)
Start importing Assets/FREE Footsteps System/sounds/footsteps/footstep_metal_1.wav using Guid(22fd99ad9764748459c360765644b57e) Importer(815301076,1909f56bfc062723c751e8b465ee728b)  -> (artifact id: '0a65704d55656314c2864324977600a1') in 0.006729 seconds 
  Import took 0.009463 seconds .

========================================================================
Received Import Request.
  Time since last request: 3.033690 seconds.
  path: Assets/FREE Footsteps System/sounds/footsteps/footstep_metal_4.wav
  artifactKey: Guid(4b294111e8f0e234cb49570c23af2352) Importer(815301076,1909f56bfc062723c751e8b465ee728b)
Start importing Assets/FREE Footsteps System/sounds/footsteps/footstep_metal_4.wav using Guid(4b294111e8f0e234cb49570c23af2352) Importer(815301076,1909f56bfc062723c751e8b465ee728b)  -> (artifact id: 'f4d49bd1377c2c4f91a6b4111600c27a') in 0.019713 seconds 
  Import took 0.023015 seconds .

========================================================================
Received Import Request.
  Time since last request: 0.003569 seconds.
  path: Assets/FREE Footsteps System/sounds/footsteps/footstep_metal_4.wav
  artifactKey: Guid(4b294111e8f0e234cb49570c23af2352) Importer(815301076,1909f56bfc062723c751e8b465ee728b)
Start importing Assets/FREE Footsteps System/sounds/footsteps/footstep_metal_4.wav using Guid(4b294111e8f0e234cb49570c23af2352) Importer(815301076,1909f56bfc062723c751e8b465ee728b)  -> (artifact id: 'f4d49bd1377c2c4f91a6b4111600c27a') in 0.008141 seconds 
  Import took 0.010944 seconds .

========================================================================
Received Import Request.
  Time since last request: 2.085469 seconds.
  path: Assets/FREE Footsteps System/sounds/footsteps/footstep_metal_3.wav
  artifactKey: Guid(c79b904bd5af9994f8fbafa81ca7d07f) Importer(815301076,1909f56bfc062723c751e8b465ee728b)
Start importing Assets/FREE Footsteps System/sounds/footsteps/footstep_metal_3.wav using Guid(c79b904bd5af9994f8fbafa81ca7d07f) Importer(815301076,1909f56bfc062723c751e8b465ee728b)  -> (artifact id: '38d1d93936e185b816e5508113696fa1') in 0.018481 seconds 
  Import took 0.021907 seconds .

========================================================================
Received Import Request.
  Time since last request: 0.000675 seconds.
  path: Assets/FREE Footsteps System/sounds/footsteps/footstep_metal_3.wav
  artifactKey: Guid(c79b904bd5af9994f8fbafa81ca7d07f) Importer(815301076,1909f56bfc062723c751e8b465ee728b)
Start importing Assets/FREE Footsteps System/sounds/footsteps/footstep_metal_3.wav using Guid(c79b904bd5af9994f8fbafa81ca7d07f) Importer(815301076,1909f56bfc062723c751e8b465ee728b)  -> (artifact id: '38d1d93936e185b816e5508113696fa1') in 0.007058 seconds 
  Import took 0.010202 seconds .

========================================================================
Received Import Request.
  Time since last request: 2.131529 seconds.
  path: Assets/FREE Footsteps System/sounds/footsteps/footstep_metal_2.wav
  artifactKey: Guid(7d1f874cf81685942aaba56ac1ba3f30) Importer(815301076,1909f56bfc062723c751e8b465ee728b)
Start importing Assets/FREE Footsteps System/sounds/footsteps/footstep_metal_2.wav using Guid(7d1f874cf81685942aaba56ac1ba3f30) Importer(815301076,1909f56bfc062723c751e8b465ee728b)  -> (artifact id: '5aee9b72d1f1b3f68fe6b7d23af13a0d') in 0.018968 seconds 
  Import took 0.022074 seconds .

========================================================================
Received Import Request.
  Time since last request: 0.002655 seconds.
  path: Assets/FREE Footsteps System/sounds/footsteps/footstep_metal_2.wav
  artifactKey: Guid(7d1f874cf81685942aaba56ac1ba3f30) Importer(815301076,1909f56bfc062723c751e8b465ee728b)
Start importing Assets/FREE Footsteps System/sounds/footsteps/footstep_metal_2.wav using Guid(7d1f874cf81685942aaba56ac1ba3f30) Importer(815301076,1909f56bfc062723c751e8b465ee728b)  -> (artifact id: '5aee9b72d1f1b3f68fe6b7d23af13a0d') in 0.006970 seconds 
  Import took 0.009720 seconds .

========================================================================
Received Import Request.
  Time since last request: 2.392993 seconds.
  path: Assets/FREE Footsteps System/sounds/footsteps/footstep_sand_1.wav
  artifactKey: Guid(7800f7bda4bc68f43a86d88827cd082a) Importer(815301076,1909f56bfc062723c751e8b465ee728b)
Start importing Assets/FREE Footsteps System/sounds/footsteps/footstep_sand_1.wav using Guid(7800f7bda4bc68f43a86d88827cd082a) Importer(815301076,1909f56bfc062723c751e8b465ee728b)  -> (artifact id: '4b13941c8d03d1e9667a40899edd6b0a') in 0.016353 seconds 
  Import took 0.019218 seconds .

========================================================================
Received Import Request.
  Time since last request: 0.000856 seconds.
  path: Assets/FREE Footsteps System/sounds/footsteps/footstep_sand_1.wav
  artifactKey: Guid(7800f7bda4bc68f43a86d88827cd082a) Importer(815301076,1909f56bfc062723c751e8b465ee728b)
Start importing Assets/FREE Footsteps System/sounds/footsteps/footstep_sand_1.wav using Guid(7800f7bda4bc68f43a86d88827cd082a) Importer(815301076,1909f56bfc062723c751e8b465ee728b)  -> (artifact id: '4b13941c8d03d1e9667a40899edd6b0a') in 0.007348 seconds 
  Import took 0.010481 seconds .

========================================================================
Received Import Request.
  Time since last request: 1.746307 seconds.
  path: Assets/FREE Footsteps System/sounds/footsteps/footstep_wood_1.wav
  artifactKey: Guid(46100fda67d57774b93da415dd7c9e4f) Importer(815301076,1909f56bfc062723c751e8b465ee728b)
Start importing Assets/FREE Footsteps System/sounds/footsteps/footstep_wood_1.wav using Guid(46100fda67d57774b93da415dd7c9e4f) Importer(815301076,1909f56bfc062723c751e8b465ee728b)  -> (artifact id: '4559cce51599b701633eed69cdcc3545') in 0.020331 seconds 
  Import took 0.023614 seconds .

========================================================================
Received Import Request.
  Time since last request: 0.002676 seconds.
  path: Assets/FREE Footsteps System/sounds/footsteps/footstep_wood_1.wav
  artifactKey: Guid(46100fda67d57774b93da415dd7c9e4f) Importer(815301076,1909f56bfc062723c751e8b465ee728b)
Start importing Assets/FREE Footsteps System/sounds/footsteps/footstep_wood_1.wav using Guid(46100fda67d57774b93da415dd7c9e4f) Importer(815301076,1909f56bfc062723c751e8b465ee728b)  -> (artifact id: '4559cce51599b701633eed69cdcc3545') in 0.008151 seconds 
  Import took 0.011085 seconds .

========================================================================
Received Import Request.
  Time since last request: 2.988827 seconds.
  path: Assets/FREE Footsteps System/sounds/footsteps/footstep_wood_2.wav
  artifactKey: Guid(64508016c866a4e4a8ab0f5b020e5836) Importer(815301076,1909f56bfc062723c751e8b465ee728b)
Start importing Assets/FREE Footsteps System/sounds/footsteps/footstep_wood_2.wav using Guid(64508016c866a4e4a8ab0f5b020e5836) Importer(815301076,1909f56bfc062723c751e8b465ee728b)  -> (artifact id: '81b5153917fc29c137b0146fa212dfba') in 0.013381 seconds 
  Import took 0.016383 seconds .

========================================================================
Received Import Request.
  Time since last request: 0.002442 seconds.
  path: Assets/FREE Footsteps System/sounds/footsteps/footstep_wood_2.wav
  artifactKey: Guid(64508016c866a4e4a8ab0f5b020e5836) Importer(815301076,1909f56bfc062723c751e8b465ee728b)
Start importing Assets/FREE Footsteps System/sounds/footsteps/footstep_wood_2.wav using Guid(64508016c866a4e4a8ab0f5b020e5836) Importer(815301076,1909f56bfc062723c751e8b465ee728b)  -> (artifact id: '81b5153917fc29c137b0146fa212dfba') in 0.006857 seconds 
  Import took 0.009959 seconds .

========================================================================
Received Import Request.
  Time since last request: 1.991114 seconds.
  path: Assets/FREE Footsteps System/sounds/footsteps/footstep_wood_3.wav
  artifactKey: Guid(ebefe735b9b904d4dab6e70b96f6f263) Importer(815301076,1909f56bfc062723c751e8b465ee728b)
Start importing Assets/FREE Footsteps System/sounds/footsteps/footstep_wood_3.wav using Guid(ebefe735b9b904d4dab6e70b96f6f263) Importer(815301076,1909f56bfc062723c751e8b465ee728b)  -> (artifact id: '794ab76586357a05ac66f50566e243a0') in 0.015014 seconds 
  Import took 0.018251 seconds .

========================================================================
Received Import Request.
  Time since last request: 0.000777 seconds.
  path: Assets/FREE Footsteps System/sounds/footsteps/footstep_wood_3.wav
  artifactKey: Guid(ebefe735b9b904d4dab6e70b96f6f263) Importer(815301076,1909f56bfc062723c751e8b465ee728b)
Start importing Assets/FREE Footsteps System/sounds/footsteps/footstep_wood_3.wav using Guid(ebefe735b9b904d4dab6e70b96f6f263) Importer(815301076,1909f56bfc062723c751e8b465ee728b)  -> (artifact id: '794ab76586357a05ac66f50566e243a0') in 0.006779 seconds 
  Import took 0.009911 seconds .

========================================================================
Received Import Request.
  Time since last request: 2.334122 seconds.
  path: Assets/FREE Footsteps System/sounds/footsteps/footstep_wood_4.wav
  artifactKey: Guid(72b4382cae039794bb0dd0df6fb3e292) Importer(815301076,1909f56bfc062723c751e8b465ee728b)
Start importing Assets/FREE Footsteps System/sounds/footsteps/footstep_wood_4.wav using Guid(72b4382cae039794bb0dd0df6fb3e292) Importer(815301076,1909f56bfc062723c751e8b465ee728b)  -> (artifact id: '156c9f832b4196cdb1d2d223b09c5c96') in 0.015543 seconds 
  Import took 0.018394 seconds .

========================================================================
Received Import Request.
  Time since last request: 0.001200 seconds.
  path: Assets/FREE Footsteps System/sounds/footsteps/footstep_wood_4.wav
  artifactKey: Guid(72b4382cae039794bb0dd0df6fb3e292) Importer(815301076,1909f56bfc062723c751e8b465ee728b)
Start importing Assets/FREE Footsteps System/sounds/footsteps/footstep_wood_4.wav using Guid(72b4382cae039794bb0dd0df6fb3e292) Importer(815301076,1909f56bfc062723c751e8b465ee728b)  -> (artifact id: '156c9f832b4196cdb1d2d223b09c5c96') in 0.007208 seconds 
  Import took 0.010391 seconds .

========================================================================
Received Import Request.
  Time since last request: 3.686934 seconds.
  path: Assets/FREE Footsteps System/sounds/footsteps/footstep_wood_5.wav
  artifactKey: Guid(af08ef3832215854f9bdaf450911ee8d) Importer(815301076,1909f56bfc062723c751e8b465ee728b)
Start importing Assets/FREE Footsteps System/sounds/footsteps/footstep_wood_5.wav using Guid(af08ef3832215854f9bdaf450911ee8d) Importer(815301076,1909f56bfc062723c751e8b465ee728b)  -> (artifact id: '97a0b64c07abc079975679f540216d63') in 0.020246 seconds 
  Import took 0.023263 seconds .

========================================================================
Received Import Request.
  Time since last request: 0.002548 seconds.
  path: Assets/FREE Footsteps System/sounds/footsteps/footstep_wood_5.wav
  artifactKey: Guid(af08ef3832215854f9bdaf450911ee8d) Importer(815301076,1909f56bfc062723c751e8b465ee728b)
Start importing Assets/FREE Footsteps System/sounds/footsteps/footstep_wood_5.wav using Guid(af08ef3832215854f9bdaf450911ee8d) Importer(815301076,1909f56bfc062723c751e8b465ee728b)  -> (artifact id: '97a0b64c07abc079975679f540216d63') in 0.007032 seconds 
  Import took 0.010143 seconds .

========================================================================
Received Import Request.
  Time since last request: 2.194689 seconds.
  path: Assets/FREE Footsteps System/sounds/footsteps/footstep_wood_6.wav
  artifactKey: Guid(f8d171ce8bbdbab4bb4728814885a4a5) Importer(815301076,1909f56bfc062723c751e8b465ee728b)
Start importing Assets/FREE Footsteps System/sounds/footsteps/footstep_wood_6.wav using Guid(f8d171ce8bbdbab4bb4728814885a4a5) Importer(815301076,1909f56bfc062723c751e8b465ee728b)  -> (artifact id: 'c90536cfec5e540e92a443860d9af8c7') in 0.020079 seconds 
  Import took 0.022926 seconds .

========================================================================
Received Import Request.
  Time since last request: 0.002830 seconds.
  path: Assets/FREE Footsteps System/sounds/footsteps/footstep_wood_6.wav
  artifactKey: Guid(f8d171ce8bbdbab4bb4728814885a4a5) Importer(815301076,1909f56bfc062723c751e8b465ee728b)
Start importing Assets/FREE Footsteps System/sounds/footsteps/footstep_wood_6.wav using Guid(f8d171ce8bbdbab4bb4728814885a4a5) Importer(815301076,1909f56bfc062723c751e8b465ee728b)  -> (artifact id: 'c90536cfec5e540e92a443860d9af8c7') in 0.008892 seconds 
  Import took 0.011909 seconds .

========================================================================
Received Prepare
Registering precompiled user dll's ...
Registered in 0.003405 seconds.
Begin MonoManager ReloadAssembly
Native extension for WindowsStandalone target not found
Refreshing native plugins compatible for Editor in 0.42 ms, found 2 plugins.
Preloading 0 native plugins for Editor in 0.00 ms.
Mono: successfully reloaded assembly
- Completed reload, in  1.065 seconds
Platform modules already initialized, skipping
Refreshing native plugins compatible for Editor in 0.37 ms, found 2 plugins.
Preloading 0 native plugins for Editor in 0.00 ms.
Unloading 1573 Unused Serialized files (Serialized files now loaded: 0)
System memory in use before: 77.5 MB.
System memory in use after: 77.6 MB.

Unloading 15 unused Assets to reduce memory usage. Loaded Objects now: 2052.
Total: 2.155700 ms (FindLiveObjects: 0.164700 ms CreateObjectMapping: 0.051300 ms MarkObjects: 1.874500 ms  DeleteObjects: 0.063900 ms)

AssetImportParameters requested are different than current active one (requested -> active):
  custom:framework-win-MediaFoundation: 216162199b28c13a410421893ffa2e32 -> 
  custom:video-decoder-ogg-theora: a1e56fd34408186e4bbccfd4996cb3dc -> 
  custom:container-muxer-webm: aa71ff27fc2769a1b78a27578f13a17b -> 
  custom:container-demuxer-webm: 4f35f7cbe854078d1ac9338744f61a02 -> 
  custom:container-demuxer-ogg: 62fdf1f143b41e24485cea50d1cbac27 -> 
  custom:video-encoder-webm-vp8: eb34c28f22e8b96e1ab97ce403110664 -> 
  custom:video-decoder-webm-vp8: 9c59270c3fd7afecdb556c50c9e8de78 -> 
  custom:audio-decoder-ogg-vorbis: bf7c407c2cedff20999df2af8eb42d56 -> 
  custom:audio-encoder-webm-vorbis: bf7c407c2cedff20999df2af8eb42d56 -> 
========================================================================
Received Import Request.
  Time since last request: 131.175128 seconds.
  path: Assets/FREE Footsteps System/_DOCUMENTATION/Documentation.pdf
  artifactKey: Guid(31fa5733ffc0a0e489a0c3031d0a4e98) Importer(815301076,1909f56bfc062723c751e8b465ee728b)
Start importing Assets/FREE Footsteps System/_DOCUMENTATION/Documentation.pdf using Guid(31fa5733ffc0a0e489a0c3031d0a4e98) Importer(815301076,1909f56bfc062723c751e8b465ee728b)  -> (artifact id: '56df9f81e74df8c8eb422e8e90f1bc06') in 0.015937 seconds 
  Import took 0.019058 seconds .

========================================================================
Received Prepare
Registering precompiled user dll's ...
Registered in 0.003438 seconds.
Begin MonoManager ReloadAssembly
Native extension for WindowsStandalone target not found
Refreshing native plugins compatible for Editor in 0.40 ms, found 2 plugins.
Preloading 0 native plugins for Editor in 0.00 ms.
Mono: successfully reloaded assembly
- Completed reload, in  1.010 seconds
Platform modules already initialized, skipping
Refreshing native plugins compatible for Editor in 0.39 ms, found 2 plugins.
Preloading 0 native plugins for Editor in 0.00 ms.
Unloading 1573 Unused Serialized files (Serialized files now loaded: 0)
System memory in use before: 77.5 MB.
System memory in use after: 77.6 MB.

Unloading 15 unused Assets to reduce memory usage. Loaded Objects now: 2054.
Total: 1.949100 ms (FindLiveObjects: 0.154400 ms CreateObjectMapping: 0.055800 ms MarkObjects: 1.689500 ms  DeleteObjects: 0.048000 ms)

AssetImportParameters requested are different than current active one (requested -> active):
  custom:framework-win-MediaFoundation: 216162199b28c13a410421893ffa2e32 -> 
  custom:video-decoder-ogg-theora: a1e56fd34408186e4bbccfd4996cb3dc -> 
  custom:container-muxer-webm: aa71ff27fc2769a1b78a27578f13a17b -> 
  custom:container-demuxer-webm: 4f35f7cbe854078d1ac9338744f61a02 -> 
  custom:container-demuxer-ogg: 62fdf1f143b41e24485cea50d1cbac27 -> 
  custom:video-encoder-webm-vp8: eb34c28f22e8b96e1ab97ce403110664 -> 
  custom:video-decoder-webm-vp8: 9c59270c3fd7afecdb556c50c9e8de78 -> 
  custom:audio-decoder-ogg-vorbis: bf7c407c2cedff20999df2af8eb42d56 -> 
  custom:audio-encoder-webm-vorbis: bf7c407c2cedff20999df2af8eb42d56 -> 
========================================================================
Received Import Request.
  Time since last request: 125.023622 seconds.
  path: Assets/FREE Footsteps System/scripts
  artifactKey: Guid(18dca93e66e0f534fb86f56355d8d969) Importer(815301076,1909f56bfc062723c751e8b465ee728b)
Start importing Assets/FREE Footsteps System/scripts using Guid(18dca93e66e0f534fb86f56355d8d969) Importer(815301076,1909f56bfc062723c751e8b465ee728b)  -> (artifact id: 'f721d9575e34dcc6088d47c1838a7ff4') in 0.005012 seconds 
  Import took 0.008407 seconds .

========================================================================
Received Import Request.
  Time since last request: 3.180165 seconds.
  path: Assets/FREE Footsteps System/scripts/CharacterFootsteps.cs
  artifactKey: Guid(9976d2616fb9f214e8200359e6b7c686) Importer(815301076,1909f56bfc062723c751e8b465ee728b)
Start importing Assets/FREE Footsteps System/scripts/CharacterFootsteps.cs using Guid(9976d2616fb9f214e8200359e6b7c686) Importer(815301076,1909f56bfc062723c751e8b465ee728b)  -> (artifact id: '8da4518ff0ce90dc682f3c56c762acbd') in 0.001852 seconds 
  Import took 0.004648 seconds .

========================================================================
Received Import Request.
  Time since last request: 0.002127 seconds.
  path: Assets/FREE Footsteps System/scripts/CharacterFootsteps.cs
  artifactKey: Guid(9976d2616fb9f214e8200359e6b7c686) Importer(815301076,1909f56bfc062723c751e8b465ee728b)
Start importing Assets/FREE Footsteps System/scripts/CharacterFootsteps.cs using Guid(9976d2616fb9f214e8200359e6b7c686) Importer(815301076,1909f56bfc062723c751e8b465ee728b)  -> (artifact id: '8da4518ff0ce90dc682f3c56c762acbd') in 0.002090 seconds 
  Import took 0.004801 seconds .

========================================================================
Received Import Request.
  Time since last request: 354.270349 seconds.
  path: Assets/FREE Footsteps System/Resources
  artifactKey: Guid(65bb72ec526b04f439efcac8ca97cba0) Importer(815301076,1909f56bfc062723c751e8b465ee728b)
Start importing Assets/FREE Footsteps System/Resources using Guid(65bb72ec526b04f439efcac8ca97cba0) Importer(815301076,1909f56bfc062723c751e8b465ee728b)  -> (artifact id: 'ea1c730dc4b69097622131e9f6cf35ee') in 0.002012 seconds 
  Import took 0.005097 seconds .

========================================================================
Received Import Request.
  Time since last request: 0.001000 seconds.
  path: Assets/FREE Footsteps System/Resources
  artifactKey: Guid(65bb72ec526b04f439efcac8ca97cba0) Importer(815301076,1909f56bfc062723c751e8b465ee728b)
Start importing Assets/FREE Footsteps System/Resources using Guid(65bb72ec526b04f439efcac8ca97cba0) Importer(815301076,1909f56bfc062723c751e8b465ee728b)  -> (artifact id: 'ea1c730dc4b69097622131e9f6cf35ee') in 0.001784 seconds 
  Import took 0.004589 seconds .

========================================================================
Received Import Request.
  Time since last request: 1.262099 seconds.
  path: Assets/FREE Footsteps System/Resources/footstep_trigger.prefab
  artifactKey: Guid(bd86812b446fae5448db0d3fc4d7b6f4) Importer(815301076,1909f56bfc062723c751e8b465ee728b)
Start importing Assets/FREE Footsteps System/Resources/footstep_trigger.prefab using Guid(bd86812b446fae5448db0d3fc4d7b6f4) Importer(815301076,1909f56bfc062723c751e8b465ee728b)  -> (artifact id: '41080c112417470f549be5377ea06cbf') in 0.026040 seconds 
  Import took 0.029194 seconds .

========================================================================
Received Import Request.
  Time since last request: 0.003982 seconds.
  path: Assets/FREE Footsteps System/Resources/footstep_trigger.prefab
  artifactKey: Guid(bd86812b446fae5448db0d3fc4d7b6f4) Importer(815301076,1909f56bfc062723c751e8b465ee728b)
Start importing Assets/FREE Footsteps System/Resources/footstep_trigger.prefab using Guid(bd86812b446fae5448db0d3fc4d7b6f4) Importer(815301076,1909f56bfc062723c751e8b465ee728b)  -> (artifact id: '41080c112417470f549be5377ea06cbf') in 0.003178 seconds 
  Import took 0.006317 seconds .

========================================================================
Received Prepare
Registering precompiled user dll's ...
Registered in 0.003588 seconds.
Begin MonoManager ReloadAssembly
Native extension for WindowsStandalone target not found
Refreshing native plugins compatible for Editor in 0.37 ms, found 2 plugins.
Preloading 0 native plugins for Editor in 0.00 ms.
Mono: successfully reloaded assembly
- Completed reload, in  1.406 seconds
Platform modules already initialized, skipping
Refreshing native plugins compatible for Editor in 0.50 ms, found 2 plugins.
Preloading 0 native plugins for Editor in 0.00 ms.
Unloading 1564 Unused Serialized files (Serialized files now loaded: 0)
System memory in use before: 77.4 MB.
System memory in use after: 77.5 MB.

Unloading 23 unused Assets to reduce memory usage. Loaded Objects now: 2048.
Total: 1.955300 ms (FindLiveObjects: 0.170800 ms CreateObjectMapping: 0.054400 ms MarkObjects: 1.671300 ms  DeleteObjects: 0.057800 ms)

AssetImportParameters requested are different than current active one (requested -> active):
  custom:framework-win-MediaFoundation: 216162199b28c13a410421893ffa2e32 -> 
  custom:video-decoder-ogg-theora: a1e56fd34408186e4bbccfd4996cb3dc -> 
  custom:container-muxer-webm: aa71ff27fc2769a1b78a27578f13a17b -> 
  custom:container-demuxer-webm: 4f35f7cbe854078d1ac9338744f61a02 -> 
  custom:container-demuxer-ogg: 62fdf1f143b41e24485cea50d1cbac27 -> 
  custom:video-encoder-webm-vp8: eb34c28f22e8b96e1ab97ce403110664 -> 
  custom:video-decoder-webm-vp8: 9c59270c3fd7afecdb556c50c9e8de78 -> 
  custom:audio-decoder-ogg-vorbis: bf7c407c2cedff20999df2af8eb42d56 -> 
  custom:audio-encoder-webm-vorbis: bf7c407c2cedff20999df2af8eb42d56 -> 
========================================================================
Received Prepare
Registering precompiled user dll's ...
Registered in 0.003370 seconds.
Begin MonoManager ReloadAssembly
Native extension for WindowsStandalone target not found
Refreshing native plugins compatible for Editor in 0.40 ms, found 2 plugins.
Preloading 0 native plugins for Editor in 0.00 ms.
Mono: successfully reloaded assembly
- Completed reload, in  0.995 seconds
Platform modules already initialized, skipping
Refreshing native plugins compatible for Editor in 0.46 ms, found 2 plugins.
Preloading 0 native plugins for Editor in 0.00 ms.
Unloading 1564 Unused Serialized files (Serialized files now loaded: 0)
System memory in use before: 77.4 MB.
System memory in use after: 77.5 MB.

Unloading 15 unused Assets to reduce memory usage. Loaded Objects now: 2050.
Total: 2.179100 ms (FindLiveObjects: 0.167800 ms CreateObjectMapping: 0.045200 ms MarkObjects: 1.911100 ms  DeleteObjects: 0.054100 ms)

AssetImportParameters requested are different than current active one (requested -> active):
  custom:framework-win-MediaFoundation: 216162199b28c13a410421893ffa2e32 -> 
  custom:video-decoder-ogg-theora: a1e56fd34408186e4bbccfd4996cb3dc -> 
  custom:container-muxer-webm: aa71ff27fc2769a1b78a27578f13a17b -> 
  custom:container-demuxer-webm: 4f35f7cbe854078d1ac9338744f61a02 -> 
  custom:container-demuxer-ogg: 62fdf1f143b41e24485cea50d1cbac27 -> 
  custom:video-encoder-webm-vp8: eb34c28f22e8b96e1ab97ce403110664 -> 
  custom:video-decoder-webm-vp8: 9c59270c3fd7afecdb556c50c9e8de78 -> 
  custom:audio-decoder-ogg-vorbis: bf7c407c2cedff20999df2af8eb42d56 -> 
  custom:audio-encoder-webm-vorbis: bf7c407c2cedff20999df2af8eb42d56 -> 
AssetImportWorkerClient::OnTransportError - code=2 error=End of file
